psps/README
psps/scripts/GANDALF/ATOMICDATA/CONTRIB/001-H/GGA-ATOMPAW-fbrc1/Input/H.gga.atompaw.input
psps/scripts/GANDALF/ATOMICDATA/CONTRIB/001-H/GGA-ATOMPAW-fbrc2/Input/H.gga.atompaw.input
psps/scripts/GANDALF/ATOMICDATA/CONTRIB/001-H/LDA-ATOMPAW-fbrc1/Input/H.lda.atompaw.input
psps/scripts/GANDALF/ATOMICDATA/CONTRIB/001-H/LDA-ATOMPAW-fbrc2/Input/H.lda.atompaw.input
psps/scripts/GANDALF/ATOMICDATA/CONTRIB/006-C/GGA-ATOMPAW-fbrc1/Input/C.gga.atompaw.input
psps/scripts/GANDALF/ATOMICDATA/CONTRIB/006-C/GGA-ATOMPAW-fbrc2/Input/C.gga.atompaw.input
psps/scripts/GANDALF/ATOMICDATA/CONTRIB/006-C/LDA-ATOMPAW-fbrc1/Input/C.lda.atompaw.input
psps/scripts/GANDALF/ATOMICDATA/CONTRIB/006-C/LDA-ATOMPAW-fbrc2/Input/C.lda.atompaw.input
psps/scripts/GANDALF/ATOMICDATA/CONTRIB/008-O/GGA-ATOMPAW-fbrc1/Input/O.gga.atompaw.input
psps/scripts/GANDALF/ATOMICDATA/CONTRIB/008-O/GGA-ATOMPAW-fbrc2/Input/O.gga.atompaw.input
psps/scripts/GANDALF/ATOMICDATA/CONTRIB/008-O/GGA-ATOMPAW-fbrso/Input/O.gga.atompaw.input
psps/scripts/GANDALF/ATOMICDATA/CONTRIB/008-O/LDA-ATOMPAW-fbrc1/Input/O.lda.atompaw.input
psps/scripts/GANDALF/ATOMICDATA/CONTRIB/008-O/LDA-ATOMPAW-fbrc2/Input/O.lda.atompaw.input
psps/scripts/GANDALF/ATOMICDATA/CONTRIB/008-O/LDA-ATOMPAW-fbrso/Input/O.lda.atompaw.input
psps/scripts/GANDALF/ATOMICDATA/CONTRIB/022-Ti/GGA-ATOMPAW-nh/Input/Ti.gga.atompaw.input
psps/scripts/GANDALF/ATOMICDATA/CONTRIB/022-Ti/LDA-ATOMPAW-nh/Input/Ti.lda.atompaw.input
psps/scripts/GANDALF/ATOMICDATA/CONTRIB/038-Sr/GGA-ATOMPAW-mt/Input/Sr.gga.atompaw.input
psps/scripts/GANDALF/ATOMICDATA/CONTRIB/038-Sr/GGA-ATOMPAW-mt/README
psps/scripts/GANDALF/ATOMICDATA/CONTRIB/038-Sr/LDA-ATOMPAW-mt/Input/Sr.lda.atompaw.input
psps/scripts/GANDALF/ATOMICDATA/CONTRIB/038-Sr/LDA-ATOMPAW-mt/README
psps/scripts/GANDALF/ATOMICDATA/CONTRIB/056-Ba/GGA-ATOMPAW-fb/Input/Ba.gga.atompaw.input
psps/scripts/GANDALF/ATOMICDATA/CONTRIB/056-Ba/LDA-ATOMPAW-fb/Input/Ba.lda.atompaw.input
psps/scripts/GANDALF/ATOMICDATA/Directories_list_gga
psps/scripts/GANDALF/ATOMICDATA/Directories_list_lda
psps/scripts/GANDALF/ATOMICDATA/MAIN/001-H/H-GGA-hard-uspp/Input-USPP/h_ae_s1.adat
psps/scripts/GANDALF/ATOMICDATA/MAIN/001-H/H-GGA-hard-uspp/Input-USPP/h_ps.adat
psps/scripts/GANDALF/ATOMICDATA/MAIN/001-H/H-GGA-hard-uspp/Results
psps/scripts/GANDALF/ATOMICDATA/MAIN/001-H/H-GGA-uspp/Input-USPP/H_ae_ref.adat
psps/scripts/GANDALF/ATOMICDATA/MAIN/001-H/H-GGA-uspp/Input-USPP/H_ps.adat
psps/scripts/GANDALF/ATOMICDATA/MAIN/001-H/H-GGA-uspp/Results
psps/scripts/GANDALF/ATOMICDATA/MAIN/001-H/H-LDA-hard-uspp/Input-USPP/h_ae_s1.adat
psps/scripts/GANDALF/ATOMICDATA/MAIN/001-H/H-LDA-hard-uspp/Input-USPP/h_ps.adat
psps/scripts/GANDALF/ATOMICDATA/MAIN/001-H/H-LDA-hard-uspp/Results
psps/scripts/GANDALF/ATOMICDATA/MAIN/001-H/H-LDA-uspp/Input-USPP/H_ae_ref.adat
psps/scripts/GANDALF/ATOMICDATA/MAIN/001-H/H-LDA-uspp/Input-USPP/H_ps.adat
psps/scripts/GANDALF/ATOMICDATA/MAIN/001-H/H-LDA-uspp/Results
psps/scripts/GANDALF/ATOMICDATA/MAIN/005-B/B-GGA-atompaw/Results
psps/scripts/GANDALF/ATOMICDATA/MAIN/005-B/B-GGA-atompaw/input-atompaw/B.gga.atompaw.input
psps/scripts/GANDALF/ATOMICDATA/MAIN/005-B/B-GGA-hard-atompaw/Results
psps/scripts/GANDALF/ATOMICDATA/MAIN/005-B/B-GGA-hard-atompaw/input-atompaw/B.gga.hard.atompaw.input
psps/scripts/GANDALF/ATOMICDATA/MAIN/005-B/B-LDA-atompaw/Results
psps/scripts/GANDALF/ATOMICDATA/MAIN/005-B/B-LDA-atompaw/input-atompaw/B.lda.atompaw.input
psps/scripts/GANDALF/ATOMICDATA/MAIN/005-B/B-LDA-hard-atompaw/Results
psps/scripts/GANDALF/ATOMICDATA/MAIN/005-B/B-LDA-hard-atompaw/input-atompaw/B.lda.hard.atompaw.input
psps/scripts/GANDALF/ATOMICDATA/MAIN/006-C/C-GGA-hard-uspp/Input-USPP/c_ae_s2p2.adat
psps/scripts/GANDALF/ATOMICDATA/MAIN/006-C/C-GGA-hard-uspp/Input-USPP/c_ps.adat
psps/scripts/GANDALF/ATOMICDATA/MAIN/006-C/C-GGA-hard-uspp/Input-USPP/uspp2abinit.dat
psps/scripts/GANDALF/ATOMICDATA/MAIN/006-C/C-GGA-hard-uspp/Results
psps/scripts/GANDALF/ATOMICDATA/MAIN/006-C/C-GGA-uspp/Input-USPP/C_ae_ref.adat
psps/scripts/GANDALF/ATOMICDATA/MAIN/006-C/C-GGA-uspp/Input-USPP/C_ps.adat
psps/scripts/GANDALF/ATOMICDATA/MAIN/006-C/C-GGA-uspp/Results
psps/scripts/GANDALF/ATOMICDATA/MAIN/006-C/C-LDA-hard-uspp/Input-USPP/c_ae_s2p2.adat
psps/scripts/GANDALF/ATOMICDATA/MAIN/006-C/C-LDA-hard-uspp/Input-USPP/c_ps.adat
psps/scripts/GANDALF/ATOMICDATA/MAIN/006-C/C-LDA-hard-uspp/Input-USPP/uspp2abinit.dat
psps/scripts/GANDALF/ATOMICDATA/MAIN/006-C/C-LDA-hard-uspp/Results
psps/scripts/GANDALF/ATOMICDATA/MAIN/006-C/C-LDA-uspp/Input-USPP/C_ae_ref.adat
psps/scripts/GANDALF/ATOMICDATA/MAIN/006-C/C-LDA-uspp/Input-USPP/C_ps.adat
psps/scripts/GANDALF/ATOMICDATA/MAIN/006-C/C-LDA-uspp/Results
psps/scripts/GANDALF/ATOMICDATA/MAIN/007-N/N-GGA-hard-uspp/Input-USPP/n_ae_s2p3.adat
psps/scripts/GANDALF/ATOMICDATA/MAIN/007-N/N-GGA-hard-uspp/Input-USPP/n_ps.adat
psps/scripts/GANDALF/ATOMICDATA/MAIN/007-N/N-GGA-hard-uspp/Input-USPP/uspp2abinit.dat
psps/scripts/GANDALF/ATOMICDATA/MAIN/007-N/N-GGA-hard-uspp/Results
psps/scripts/GANDALF/ATOMICDATA/MAIN/007-N/N-LDA-hard-uspp/Input-USPP/n_ae_s2p3.adat
psps/scripts/GANDALF/ATOMICDATA/MAIN/007-N/N-LDA-hard-uspp/Input-USPP/n_ps.adat
psps/scripts/GANDALF/ATOMICDATA/MAIN/007-N/N-LDA-hard-uspp/Input-USPP/uspp2abinit.dat
psps/scripts/GANDALF/ATOMICDATA/MAIN/007-N/N-LDA-hard-uspp/Results
psps/scripts/GANDALF/ATOMICDATA/MAIN/008-O/O-GGA-hard-uspp/Input-USPP/o_ae_s2p4.adat
psps/scripts/GANDALF/ATOMICDATA/MAIN/008-O/O-GGA-hard-uspp/Input-USPP/o_ps.adat
psps/scripts/GANDALF/ATOMICDATA/MAIN/008-O/O-GGA-hard-uspp/Input-USPP/uspp2abinit.dat
psps/scripts/GANDALF/ATOMICDATA/MAIN/008-O/O-GGA-hard-uspp/Results
psps/scripts/GANDALF/ATOMICDATA/MAIN/008-O/O-LDA-hard-uspp/Input-USPP/o_ae_s2p4.adat
psps/scripts/GANDALF/ATOMICDATA/MAIN/008-O/O-LDA-hard-uspp/Input-USPP/o_ps.adat
psps/scripts/GANDALF/ATOMICDATA/MAIN/008-O/O-LDA-hard-uspp/Input-USPP/uspp2abinit.dat
psps/scripts/GANDALF/ATOMICDATA/MAIN/008-O/O-LDA-hard-uspp/Results
psps/scripts/GANDALF/ATOMICDATA/MAIN/022-Ti/Ti-GGA-uspp/Input-USPP/ti_ae_s2d1.adat
psps/scripts/GANDALF/ATOMICDATA/MAIN/022-Ti/Ti-GGA-uspp/Input-USPP/ti_ps.adat
psps/scripts/GANDALF/ATOMICDATA/MAIN/022-Ti/Ti-GGA-uspp/Results
psps/scripts/GANDALF/ATOMICDATA/MAIN/022-Ti/Ti-LDA-uspp/Input-USPP/ti_ae_s2d1.adat
psps/scripts/GANDALF/ATOMICDATA/MAIN/022-Ti/Ti-LDA-uspp/Input-USPP/ti_ps.adat
psps/scripts/GANDALF/ATOMICDATA/MAIN/022-Ti/Ti-LDA-uspp/Results
psps/scripts/GANDALF/ATOMICDATA/MAIN/026-Fe/.directory
psps/scripts/GANDALF/ATOMICDATA/MAIN/026-Fe/Fe-GGA-atompaw/Results
psps/scripts/GANDALF/ATOMICDATA/MAIN/026-Fe/Fe-GGA-atompaw/input-atompaw/Fe.gga.atompaw.input
psps/scripts/GANDALF/ATOMICDATA/MAIN/026-Fe/Fe-GGA-sp_semicore-atompaw/Results
psps/scripts/GANDALF/ATOMICDATA/MAIN/026-Fe/Fe-GGA-sp_semicore-atompaw/input-atompaw/Fe.gga.sp_semicore.atompaw.input
psps/scripts/GANDALF/ATOMICDATA/MAIN/026-Fe/Fe-LDA-atompaw/input-atompaw/Fe.lda.atompaw.input
psps/scripts/GANDALF/ATOMICDATA/MAIN/026-Fe/Fe-LDA-sp_semicore-atompaw/input-atompaw/Fe.lda.sp_semicore.atompaw.input
psps/scripts/GANDALF/ATOMICDATA/MAIN/027-Co/Co-GGA-atompaw/Results
psps/scripts/GANDALF/ATOMICDATA/MAIN/027-Co/Co-GGA-atompaw/input-atompaw/Co.atompaw.input
psps/scripts/GANDALF/ATOMICDATA/MAIN/027-Co/Co-GGA-sp_semicore-atompaw/Results
psps/scripts/GANDALF/ATOMICDATA/MAIN/027-Co/Co-GGA-sp_semicore-atompaw/input-atompaw/Co.semicore.atompaw.input
psps/scripts/GANDALF/ATOMICDATA/MAIN/027-Co/Co-LDA-atompaw/Results
psps/scripts/GANDALF/ATOMICDATA/MAIN/027-Co/Co-LDA-atompaw/input-atompaw/Ni.atompaw.input
psps/scripts/GANDALF/ATOMICDATA/MAIN/027-Co/Co-LDA-sp_semicore-atompaw/Results
psps/scripts/GANDALF/ATOMICDATA/MAIN/027-Co/Co-LDA-sp_semicore-atompaw/input-atompaw/Co.semicore.atompaw.input
psps/scripts/GANDALF/ATOMICDATA/MAIN/027-Co/Results
psps/scripts/GANDALF/ATOMICDATA/MAIN/028-Ni/Ni-GGA-atompaw/Results
psps/scripts/GANDALF/ATOMICDATA/MAIN/028-Ni/Ni-GGA-atompaw/input-atompaw/Ni.atompaw.input
psps/scripts/GANDALF/ATOMICDATA/MAIN/028-Ni/Ni-GGA-p_semicore-atompaw/Results
psps/scripts/GANDALF/ATOMICDATA/MAIN/028-Ni/Ni-GGA-p_semicore-atompaw/input-atompaw/Ni.semicore.atompaw.input
psps/scripts/GANDALF/ATOMICDATA/MAIN/028-Ni/Ni-GGA-uspp/Results
psps/scripts/GANDALF/ATOMICDATA/MAIN/028-Ni/Ni-GGA-uspp/input-uspp/Ni_ae_d9s1p0.adat
psps/scripts/GANDALF/ATOMICDATA/MAIN/028-Ni/Ni-GGA-uspp/input-uspp/Ni_ps.adat
psps/scripts/GANDALF/ATOMICDATA/MAIN/028-Ni/Ni-LDA-atompaw/Results
psps/scripts/GANDALF/ATOMICDATA/MAIN/028-Ni/Ni-LDA-atompaw/input-atompaw/Ni.atompaw.input
psps/scripts/GANDALF/ATOMICDATA/MAIN/028-Ni/Ni-LDA-p_semicore-atompaw/Results
psps/scripts/GANDALF/ATOMICDATA/MAIN/028-Ni/Ni-LDA-p_semicore-atompaw/input-atompaw/Ni.semicore.atompaw.input
psps/scripts/GANDALF/ATOMICDATA/MAIN/028-Ni/Ni-LDA-uspp/Results
psps/scripts/GANDALF/ATOMICDATA/MAIN/028-Ni/Ni-LDA-uspp/input-uspp/Ni_ae_d9s1p0.adat
psps/scripts/GANDALF/ATOMICDATA/MAIN/028-Ni/Ni-LDA-uspp/input-uspp/Ni_ps.adat
psps/scripts/GANDALF/ATOMICDATA/MAIN/030-Zn/Results
psps/scripts/GANDALF/ATOMICDATA/MAIN/030-Zn/Zn-GGA-atompaw/Results
psps/scripts/GANDALF/ATOMICDATA/MAIN/030-Zn/Zn-GGA-atompaw/input-atompaw/Zn.atompaw.input
psps/scripts/GANDALF/ATOMICDATA/MAIN/030-Zn/Zn-LDA-atompaw/Results
psps/scripts/GANDALF/ATOMICDATA/MAIN/030-Zn/Zn-LDA-atompaw/input-atompaw/Zn.atompaw.input
psps/scripts/GANDALF/ATOMICDATA/MAIN/042-Mo/Mo-GGA-atompaw/input-atompaw/Mo.atompaw.input
psps/scripts/GANDALF/ATOMICDATA/MAIN/042-Mo/Mo-GGA-sp_semicore-atompaw/input-atompaw/Mo.semicore.atompaw.input
psps/scripts/GANDALF/ATOMICDATA/MAIN/042-Mo/Mo-LDA-atompaw/input-atompaw/Mo.atompaw.input
psps/scripts/GANDALF/ATOMICDATA/MAIN/042-Mo/Mo-LDA-sp_semicore-atompaw/input-atompaw/Mo.semicore.atompaw.input
psps/scripts/GANDALF/ATOMICDATA/MAIN/042-Mo/Results
psps/scripts/GANDALF/ATOMICDATA/MAIN/047-Ag/Ag-GGA-atompaw/input-atompaw/Ag.atompaw.input
psps/scripts/GANDALF/ATOMICDATA/MAIN/047-Ag/Ag-GGA-sp_semicore-atompaw/input-atompaw/Ag.semicore.atompaw.input
psps/scripts/GANDALF/ATOMICDATA/MAIN/047-Ag/Ag-LDA-atompaw/input-atompaw/Ag.atompaw.input
psps/scripts/GANDALF/ATOMICDATA/MAIN/047-Ag/Ag-LDA-sp_semicore-atompaw/input-atompaw/Ag.semicore.atompaw.input
psps/scripts/GANDALF/ATOMICDATA/MAIN/047-Ag/Results
psps/scripts/GANDALF/ATOMICDATA/MAIN/058-Ce/Ce-GGA-s_semicore-atompaw/README
psps/scripts/GANDALF/ATOMICDATA/MAIN/058-Ce/Ce-GGA-s_semicore-atompaw/input-atompaw/ce.atompaw.input
psps/scripts/GANDALF/ATOMICDATA/MAIN/058-Ce/Ce-LDA-s_semicore-atompaw/README
psps/scripts/GANDALF/ATOMICDATA/MAIN/058-Ce/Ce-LDA-s_semicore-atompaw/input-atompaw/ce.atompaw.input
psps/scripts/GANDALF/ATOMICDATA/MAIN/064-Gd/Gd-GGA-atompaw/input-atompaw/Gd.atompaw.in
psps/scripts/GANDALF/ATOMICDATA/MAIN/064-Gd/Gd-LDA-atompaw/input-atompaw/Gd.atompaw.in
psps/scripts/GANDALF/ATOMICDATA/MAIN/064-Gd/Results
psps/scripts/GANDALF/ATOMICDATA/MAIN/078-Pt/Pt-GGA-atompaw/input-atompaw/Pt.atompaw.input
psps/scripts/GANDALF/ATOMICDATA/MAIN/078-Pt/Pt-GGA-spf_semicore-atompaw/input-atompaw/Pt.atompaw.semicore.input
psps/scripts/GANDALF/ATOMICDATA/MAIN/078-Pt/Pt-GGA-spf_semicore-atompaw/input-atompaw/ftkin.10
psps/scripts/GANDALF/ATOMICDATA/MAIN/078-Pt/Pt-GGA-spf_semicore-atompaw/input-atompaw/ftkin.9
psps/scripts/GANDALF/ATOMICDATA/MAIN/078-Pt/Pt-GGA-spf_semicore-atompaw/input-atompaw/tprod.10
psps/scripts/GANDALF/ATOMICDATA/MAIN/078-Pt/Pt-GGA-spf_semicore-atompaw/input-atompaw/tprod.9
psps/scripts/GANDALF/ATOMICDATA/MAIN/078-Pt/Pt-LDA-atompaw/input-atompaw/Pt.atompaw.input
psps/scripts/GANDALF/ATOMICDATA/MAIN/078-Pt/Pt-LDA-spf_semicore-atompaw/input-atompaw/Pt.atompaw.semicore.input
psps/scripts/GANDALF/ATOMICDATA/MAIN/078-Pt/Pt-LDA-spf_semicore-atompaw/input-atompaw/ftkin.10
psps/scripts/GANDALF/ATOMICDATA/MAIN/078-Pt/Pt-LDA-spf_semicore-atompaw/input-atompaw/ftkin.9
psps/scripts/GANDALF/ATOMICDATA/MAIN/078-Pt/Pt-LDA-spf_semicore-atompaw/input-atompaw/tprod.10
psps/scripts/GANDALF/ATOMICDATA/MAIN/078-Pt/Pt-LDA-spf_semicore-atompaw/input-atompaw/tprod.9
psps/scripts/GANDALF/ATOMICDATA/MAIN/078-Pt/Results
psps/scripts/GANDALF/ATOMICDATA/MAIN/079-Au/Au-GGA-atompaw/input-atompaw/Au.atompaw.input
psps/scripts/GANDALF/ATOMICDATA/MAIN/079-Au/Au-LDA-atompaw/input-atompaw/Au.atompaw.input
psps/scripts/GANDALF/ATOMICDATA/MAIN/079-Au/Results
psps/scripts/GANDALF/ATOMICDATA/MAIN/083-Bi/Bi_LDA-atompaw/Input/Bi.atompaw.input
psps/scripts/GANDALF/ATOMICDATA/MAIN/083-Bi/Bi_LDA-atompaw/Misc/Bi_test.txt
psps/scripts/GANDALF/ATOMICDATA/MAIN/083-Bi/Bi_LDA-atompaw/index.html
psps/scripts/GANDALF/ATOMICDATA/MAIN/083-Bi/index.html
psps/scripts/GANDALF/ATOMICDATA/gandalf.atompaw
psps/scripts/GANDALF/BIRCH/benf.f
psps/scripts/GANDALF/COMPOUND/INPUT/BaTiO3/batio3.ecut.in
psps/scripts/GANDALF/COMPOUND/INPUT/BaTiO3/batio3.perovskite.in
psps/scripts/GANDALF/COMPOUND/INPUT/CO/co.ecut.in
psps/scripts/GANDALF/COMPOUND/INPUT/CO/co.molec.in
psps/scripts/GANDALF/COMPOUND/INPUT/CO2/co2.ecut.in
psps/scripts/GANDALF/COMPOUND/INPUT/CO2/co2.molec.in
psps/scripts/GANDALF/COMPOUND/INPUT/H2O/h2O.ecut.in
psps/scripts/GANDALF/COMPOUND/INPUT/H2O/h2o.molec.in
psps/scripts/GANDALF/COMPOUND/INPUT/H4O2/h4O2.ecut.in
psps/scripts/GANDALF/COMPOUND/INPUT/H4O2/h4o2.molec2.in
psps/scripts/GANDALF/COMPOUND/INPUT/SiC/sic.ecut.in
psps/scripts/GANDALF/COMPOUND/INPUT/SiC/sic.zincblende.in
psps/scripts/GANDALF/COMPOUND/INPUT/SrTiO3/srtio3.ecut.in
psps/scripts/GANDALF/COMPOUND/INPUT/SrTiO3/srtio3.perovskite.in
psps/scripts/GANDALF/COMPOUND/INPUT/TiO2/sed587POA
psps/scripts/GANDALF/COMPOUND/INPUT/TiO2/tio2.ecut.in
psps/scripts/GANDALF/COMPOUND/INPUT/TiO2/tio2.optrutile.in
psps/scripts/GANDALF/COMPOUND/INPUT/TiO2/tio2.rutile.in
psps/scripts/GANDALF/COMPOUND/gandalf.abinit.compounds
psps/scripts/GANDALF/COMPOUND/gandalf.copy.compounds
psps/scripts/GANDALF/COMPOUND/gandalf.extract.compounds
psps/scripts/GANDALF/PURE/INPUT/001-H/h.atom.in
psps/scripts/GANDALF/PURE/INPUT/001-H/h.dimer.in
psps/scripts/GANDALF/PURE/INPUT/001-H/h.fcc.in
psps/scripts/GANDALF/PURE/INPUT/002-He/he.atom.in
psps/scripts/GANDALF/PURE/INPUT/002-He/he.dimer.in
psps/scripts/GANDALF/PURE/INPUT/002-He/he.fcc.in
psps/scripts/GANDALF/PURE/INPUT/003-Li/li.atom.in
psps/scripts/GANDALF/PURE/INPUT/003-Li/li.bcc.in
psps/scripts/GANDALF/PURE/INPUT/003-Li/li.dimer.in
psps/scripts/GANDALF/PURE/INPUT/003-Li/li.fcc.in
psps/scripts/GANDALF/PURE/INPUT/004-Be/be.atom.in
psps/scripts/GANDALF/PURE/INPUT/004-Be/be.bcc.in
psps/scripts/GANDALF/PURE/INPUT/004-Be/be.dimer.in
psps/scripts/GANDALF/PURE/INPUT/004-Be/be.fcc.in
psps/scripts/GANDALF/PURE/INPUT/005-B/b.atom.in
psps/scripts/GANDALF/PURE/INPUT/005-B/b.dimer.in
psps/scripts/GANDALF/PURE/INPUT/005-B/b.fcc.in
psps/scripts/GANDALF/PURE/INPUT/006-C/c.atom.in
psps/scripts/GANDALF/PURE/INPUT/006-C/c.diamond.in
psps/scripts/GANDALF/PURE/INPUT/007-N/n.atom.in
psps/scripts/GANDALF/PURE/INPUT/007-N/n.dimer.in
psps/scripts/GANDALF/PURE/INPUT/007-N/n.fcc.in
psps/scripts/GANDALF/PURE/INPUT/008-O/o.atom.in
psps/scripts/GANDALF/PURE/INPUT/008-O/o.dimer.in
psps/scripts/GANDALF/PURE/INPUT/008-O/o.fcc.in
psps/scripts/GANDALF/PURE/INPUT/013-Al/al.atom.in
psps/scripts/GANDALF/PURE/INPUT/013-Al/al.bcc.in
psps/scripts/GANDALF/PURE/INPUT/013-Al/al.fcc.in
psps/scripts/GANDALF/PURE/INPUT/014-Si/si.atom.in
psps/scripts/GANDALF/PURE/INPUT/014-Si/si.diamond.in
psps/scripts/GANDALF/PURE/INPUT/022-Ti/ti.atom.in
psps/scripts/GANDALF/PURE/INPUT/022-Ti/ti.fcc.in
psps/scripts/GANDALF/PURE/INPUT/022-Ti/ti.hcp.in
psps/scripts/GANDALF/PURE/INPUT/022-Ti/ti.opthcp.in
psps/scripts/GANDALF/PURE/INPUT/026-Fe/fe.atom.in
psps/scripts/GANDALF/PURE/INPUT/026-Fe/fe.bcc.in
psps/scripts/GANDALF/PURE/INPUT/026-Fe/fe.fcc.in
psps/scripts/GANDALF/PURE/INPUT/038-Sr/sr.atom.in
psps/scripts/GANDALF/PURE/INPUT/038-Sr/sr.fcc.in
psps/scripts/GANDALF/PURE/INPUT/040-Zr/zr.atom.in
psps/scripts/GANDALF/PURE/INPUT/040-Zr/zr.bcc.in
psps/scripts/GANDALF/PURE/INPUT/040-Zr/zr.fcc.in
psps/scripts/GANDALF/PURE/INPUT/056-Ba/ba.atom.in
psps/scripts/GANDALF/PURE/INPUT/056-Ba/ba.bcc.in
psps/scripts/GANDALF/PURE/INPUT/057-La/la.atom.in
psps/scripts/GANDALF/PURE/INPUT/057-La/la.bcc.in
psps/scripts/GANDALF/PURE/INPUT/057-La/la.dhcp.in
psps/scripts/GANDALF/PURE/INPUT/057-La/la.fcc.in
psps/scripts/GANDALF/PURE/INPUT/057-La/la.optdhcp.in
psps/scripts/GANDALF/PURE/INPUT/082-Pb/pb.atom.in
psps/scripts/GANDALF/PURE/INPUT/082-Pb/pb.fcc.in
psps/scripts/GANDALF/PURE/gandalf.abinit
psps/scripts/GANDALF/PURE/gandalf.copy
psps/scripts/GANDALF/PURE/gandalf.extract
psps/scripts/GANDALF/all.bib
psps/scripts/GANDALF/all.tex
psps/scripts/GANDALF/gandalf.all
psps/scripts/GANDALF/gandalf.tex2ps
psps/scripts/GANDALF/gandalf.xmgrace
psps/scripts/GANDALF/html.sty
psps/scripts/GANDALF/ref.tex
psps/scripts/basic_utils.py
psps/scripts/etsfIO.py
psps/scripts/flags.list
psps/scripts/read_from_etsf_wfk.py
psps/scripts/set_ecut_etotal.py
