This file contains any messages produced by compilers while
running configure, to aid debugging if configure makes a mistake.

It was created by yaml configure 0.1.4, which was
generated by GNU Autoconf 2.68.  Invocation command line was

  $ ./configure --disable-option-checking --prefix=/gpfs/home/chuang3/XCEP_codes/abinit-7.10.4_xcep_v2pbc/fallbacks/exports --bindir=/gpfs/home/chuang3/XCEP_codes/abinit-7.10.4_xcep_v2pbc/fallbacks/exports/bin --libdir=/gpfs/home/chuang3/XCEP_codes/abinit-7.10.4_xcep_v2pbc/fallbacks/exports/lib --program-suffix=-abinit --disable-binaries --disable-bindings --enable-libbigdft --without-archives --with-moduledir=/gpfs/home/chuang3/XCEP_codes/abinit-7.10.4_xcep_v2pbc/fallbacks/exports/include --enable-internal-libyaml --disable-shared --disable-internal-libxc --with-libxc-incs=-I/gpfs/home/chuang3/XCEP_codes/abinit-7.10.4_xcep_v2pbc/fallbacks/exports/include --with-libxc-libs=-L/gpfs/home/chuang3/XCEP_codes/abinit-7.10.4_xcep_v2pbc/fallbacks/exports/lib -lxc CC=gcc CFLAGS=-g -O2 LDFLAGS=  LIBS= CPPFLAGS=  CXX=g++ CXXFLAGS= FC=gfortran FCFLAGS=-ffree-form -g -ffree-line-length-none   -O2 -mtune=native -march=native -g -O2  F77=gfortran FFLAGS=-ffixed-form -g -ffree-line-length-none   -O2 -mtune=native -march=native -g -O2  CPP=gcc -E --cache-file=/dev/null --srcdir=.

## --------- ##
## Platform. ##
## --------- ##

hostname = hpc-login-vm3.rcc.fsu.edu
uname -m = x86_64
uname -r = 3.10.0-693.21.1.el7.x86_64
uname -s = Linux
uname -v = #1 SMP Wed Mar 7 19:03:37 UTC 2018

/usr/bin/uname -p = x86_64
/bin/uname -X     = unknown

/bin/arch              = x86_64
/usr/bin/arch -k       = unknown
/usr/convex/getsysinfo = unknown
/usr/bin/hostinfo      = unknown
/bin/machine           = unknown
/usr/bin/oslevel       = unknown
/bin/universe          = unknown

PATH: /gpfs/home/chuang3/codes/gpaw-0.11.0.13004/build/bin.linux-x86_64-2.7
PATH: /gpfs/home/chuang3/codes/gpaw-0.11.0.13004/tools
PATH: /gpfs/home/chuang3/ase/tools
PATH: /gpfs/home/chuang3/.local/bin
PATH: /gpfs/home/chuang3/bin
PATH: /gpfs/research/software/nbo/nbo6/bin/
PATH: /gpfs/research/software/gaussian09/intel/g09.01/bsd
PATH: /gpfs/research/software/gaussian09/intel/g09.01/local
PATH: /gpfs/research/software/gaussian09/intel/g09.01/extras
PATH: /gpfs/research/software/gaussian09/intel/g09.01
PATH: /gpfs/research/software/gv
PATH: /gpfs/research/software/matlab/r2018b/bin
PATH: /gpfs/research/software/hpc/gnu/openmpi-3.1.0/bin
PATH: /opt/hpc/gnu/openmpi-3.1.0/bin
PATH: /gpfs/research/software/hpc/gnu/bin
PATH: /opt/hpc/gnu/bin
PATH: /usr/local/bin
PATH: /usr/bin
PATH: /usr/local/sbin
PATH: /usr/sbin
PATH: /opt/puppetlabs/bin
PATH: /gpfs/home/chuang3/vtstscripts-937/
PATH: /gpfs/home/chuang3/bin


## ----------- ##
## Core tests. ##
## ----------- ##

configure:2285: checking for a BSD-compatible install
configure:2353: result: /usr/bin/install -c
configure:2364: checking whether build environment is sane
configure:2414: result: yes
configure:2555: checking for a thread-safe mkdir -p
configure:2594: result: /usr/bin/mkdir -p
configure:2607: checking for gawk
configure:2623: found /usr/bin/gawk
configure:2634: result: gawk
configure:2645: checking whether make sets $(MAKE)
configure:2667: result: yes
configure:2823: checking for gcc
configure:2850: result: gcc
configure:3079: checking for C compiler version
configure:3088: gcc --version >&5
gcc (GCC) 4.8.5 20150623 (Red Hat 4.8.5-16)
Copyright (C) 2015 Free Software Foundation, Inc.
This is free software; see the source for copying conditions.  There is NO
warranty; not even for MERCHANTABILITY or FITNESS FOR A PARTICULAR PURPOSE.

configure:3099: $? = 0
configure:3088: gcc -v >&5
Using built-in specs.
COLLECT_GCC=gcc
COLLECT_LTO_WRAPPER=/usr/libexec/gcc/x86_64-redhat-linux/4.8.5/lto-wrapper
Target: x86_64-redhat-linux
Configured with: ../configure --prefix=/usr --mandir=/usr/share/man --infodir=/usr/share/info --with-bugurl=http://bugzilla.redhat.com/bugzilla --enable-bootstrap --enable-shared --enable-threads=posix --enable-checking=release --with-system-zlib --enable-__cxa_atexit --disable-libunwind-exceptions --enable-gnu-unique-object --enable-linker-build-id --with-linker-hash-style=gnu --enable-languages=c,c++,objc,obj-c++,java,fortran,ada,go,lto --enable-plugin --enable-initfini-array --disable-libgcj --with-isl=/builddir/build/BUILD/gcc-4.8.5-20150702/obj-x86_64-redhat-linux/isl-install --with-cloog=/builddir/build/BUILD/gcc-4.8.5-20150702/obj-x86_64-redhat-linux/cloog-install --enable-gnu-indirect-function --with-tune=generic --with-arch_32=x86-64 --build=x86_64-redhat-linux
Thread model: posix
gcc version 4.8.5 20150623 (Red Hat 4.8.5-16) (GCC) 
configure:3099: $? = 0
configure:3088: gcc -V >&5
gcc: error: unrecognized command line option '-V'
gcc: fatal error: no input files
compilation terminated.
configure:3099: $? = 4
configure:3088: gcc -qversion >&5
gcc: error: unrecognized command line option '-qversion'
gcc: fatal error: no input files
compilation terminated.
configure:3099: $? = 4
configure:3119: checking whether the C compiler works
configure:3141: gcc -g -O2     conftest.c  >&5
configure:3145: $? = 0
configure:3193: result: yes
configure:3196: checking for C compiler default output file name
configure:3198: result: a.out
configure:3204: checking for suffix of executables
configure:3211: gcc -o conftest -g -O2     conftest.c  >&5
configure:3215: $? = 0
configure:3237: result: 
configure:3259: checking whether we are cross compiling
configure:3267: gcc -o conftest -g -O2     conftest.c  >&5
configure:3271: $? = 0
configure:3278: ./conftest
configure:3282: $? = 0
configure:3297: result: no
configure:3302: checking for suffix of object files
configure:3324: gcc -c -g -O2   conftest.c >&5
configure:3328: $? = 0
configure:3349: result: o
configure:3353: checking whether we are using the GNU C compiler
configure:3372: gcc -c -g -O2   conftest.c >&5
configure:3372: $? = 0
configure:3381: result: yes
configure:3390: checking whether gcc accepts -g
configure:3410: gcc -c -g   conftest.c >&5
configure:3410: $? = 0
configure:3451: result: yes
configure:3468: checking for gcc option to accept ISO C89
configure:3532: gcc  -c -g -O2   conftest.c >&5
configure:3532: $? = 0
configure:3545: result: none needed
configure:3576: checking for style of include used by make
configure:3604: result: GNU
configure:3630: checking dependency style of gcc
configure:3741: result: gcc3
configure:3761: checking how to run the C preprocessor
configure:3831: result: gcc -E
configure:3851: gcc -E   conftest.c
configure:3851: $? = 0
configure:3865: gcc -E   conftest.c
conftest.c:15:28: fatal error: ac_nonexistent.h: No such file or directory
 #include <ac_nonexistent.h>
                            ^
compilation terminated.
configure:3865: $? = 1
configure: failed program was:
| /* confdefs.h */
| #define PACKAGE_NAME "yaml"
| #define PACKAGE_TARNAME "yaml"
| #define PACKAGE_VERSION "0.1.4"
| #define PACKAGE_STRING "yaml 0.1.4"
| #define PACKAGE_BUGREPORT "http://pyyaml.org/newticket?component=libyaml"
| #define PACKAGE_URL ""
| #define PACKAGE "yaml"
| #define VERSION "0.1.4"
| #define YAML_VERSION_MAJOR 0
| #define YAML_VERSION_MINOR 1
| #define YAML_VERSION_PATCH 4
| #define YAML_VERSION_STRING "0.1.4"
| /* end confdefs.h.  */
| #include <ac_nonexistent.h>
configure:3894: checking whether ln -s works
configure:3898: result: yes
configure:3905: checking whether make sets $(MAKE)
configure:3927: result: yes
configure:3965: checking build system type
configure:3979: result: x86_64-unknown-linux-gnu
configure:3999: checking host system type
configure:4012: result: x86_64-unknown-linux-gnu
configure:4053: checking how to print strings
configure:4080: result: printf
configure:4101: checking for a sed that does not truncate output
configure:4165: result: /usr/bin/sed
configure:4183: checking for grep that handles long lines and -e
configure:4241: result: /usr/bin/grep
configure:4246: checking for egrep
configure:4308: result: /usr/bin/grep -E
configure:4313: checking for fgrep
configure:4375: result: /usr/bin/grep -F
configure:4410: checking for ld used by gcc
configure:4477: result: /usr/bin/ld
configure:4484: checking if the linker (/usr/bin/ld) is GNU ld
configure:4499: result: yes
configure:4511: checking for BSD- or MS-compatible name lister (nm)
configure:4560: result: /usr/bin/nm -B
configure:4690: checking the name lister (/usr/bin/nm -B) interface
configure:4697: gcc -c -g -O2   conftest.c >&5
configure:4700: /usr/bin/nm -B "conftest.o"
configure:4703: output
0000000000000000 B some_variable
configure:4710: result: BSD nm
configure:4714: checking the maximum length of command line arguments
configure:4844: result: 1572864
configure:4861: checking whether the shell understands some XSI constructs
configure:4871: result: yes
configure:4875: checking whether the shell understands "+="
configure:4881: result: yes
configure:4916: checking how to convert x86_64-unknown-linux-gnu file names to x86_64-unknown-linux-gnu format
configure:4956: result: func_convert_file_noop
configure:4963: checking how to convert x86_64-unknown-linux-gnu file names to toolchain format
configure:4983: result: func_convert_file_noop
configure:4990: checking for /usr/bin/ld option to reload object files
configure:4997: result: -r
configure:5071: checking for objdump
configure:5087: found /usr/bin/objdump
configure:5098: result: objdump
configure:5130: checking how to recognize dependent libraries
configure:5332: result: pass_all
configure:5417: checking for dlltool
configure:5447: result: no
configure:5477: checking how to associate runtime and link libraries
configure:5504: result: printf %s\n
configure:5629: checking for archiver @FILE support
configure:5646: gcc -c -g -O2   conftest.c >&5
configure:5646: $? = 0
configure:5649: ar cru libconftest.a @conftest.lst >&5
configure:5652: $? = 0
configure:5657: ar cru libconftest.a @conftest.lst >&5
ar: conftest.o: No such file or directory
configure:5660: $? = 1
configure:5672: result: @
configure:5730: checking for strip
configure:5746: found /usr/bin/strip
configure:5757: result: strip
configure:5829: checking for ranlib
configure:5856: result: ranlib
configure:5958: checking command to parse /usr/bin/nm -B output from gcc object
configure:6078: gcc -c -g -O2   conftest.c >&5
configure:6081: $? = 0
configure:6085: /usr/bin/nm -B conftest.o \| sed -n -e 's/^.*[ ]\([ABCDGIRSTW][ABCDGIRSTW]*\)[ ][ ]*\([_A-Za-z][_A-Za-z0-9]*\)$/\1 \2 \2/p' | sed '/ __gnu_lto/d' \> conftest.nm
configure:6088: $? = 0
configure:6154: gcc -o conftest -g -O2     conftest.c conftstm.o >&5
configure:6157: $? = 0
configure:6195: result: ok
configure:6232: checking for sysroot
configure:6262: result: no
configure:6339: gcc -c -g -O2   conftest.c >&5
configure:6342: $? = 0
configure:6518: checking for mt
configure:6548: result: no
configure:6568: checking if : is a manifest tool
configure:6574: : '-?'
configure:6582: result: no
configure:7220: checking for ANSI C header files
configure:7240: gcc -c -g -O2   conftest.c >&5
configure:7240: $? = 0
configure:7313: gcc -o conftest -g -O2     conftest.c  >&5
configure:7313: $? = 0
configure:7313: ./conftest
configure:7313: $? = 0
configure:7324: result: yes
configure:7337: checking for sys/types.h
configure:7337: gcc -c -g -O2   conftest.c >&5
configure:7337: $? = 0
configure:7337: result: yes
configure:7337: checking for sys/stat.h
configure:7337: gcc -c -g -O2   conftest.c >&5
configure:7337: $? = 0
configure:7337: result: yes
configure:7337: checking for stdlib.h
configure:7337: gcc -c -g -O2   conftest.c >&5
configure:7337: $? = 0
configure:7337: result: yes
configure:7337: checking for string.h
configure:7337: gcc -c -g -O2   conftest.c >&5
configure:7337: $? = 0
configure:7337: result: yes
configure:7337: checking for memory.h
configure:7337: gcc -c -g -O2   conftest.c >&5
configure:7337: $? = 0
configure:7337: result: yes
configure:7337: checking for strings.h
configure:7337: gcc -c -g -O2   conftest.c >&5
configure:7337: $? = 0
configure:7337: result: yes
configure:7337: checking for inttypes.h
configure:7337: gcc -c -g -O2   conftest.c >&5
configure:7337: $? = 0
configure:7337: result: yes
configure:7337: checking for stdint.h
configure:7337: gcc -c -g -O2   conftest.c >&5
configure:7337: $? = 0
configure:7337: result: yes
configure:7337: checking for unistd.h
configure:7337: gcc -c -g -O2   conftest.c >&5
configure:7337: $? = 0
configure:7337: result: yes
configure:7351: checking for dlfcn.h
configure:7351: gcc -c -g -O2   conftest.c >&5
configure:7351: $? = 0
configure:7351: result: yes
configure:7557: checking for objdir
configure:7572: result: .libs
configure:7843: checking if gcc supports -fno-rtti -fno-exceptions
configure:7861: gcc -c -g -O2   -fno-rtti -fno-exceptions conftest.c >&5
cc1: warning: command line option '-fno-rtti' is valid for C++/ObjC++ but not for C [enabled by default]
configure:7865: $? = 0
configure:7878: result: no
configure:8205: checking for gcc option to produce PIC
configure:8212: result: -fPIC -DPIC
configure:8220: checking if gcc PIC flag -fPIC -DPIC works
configure:8238: gcc -c -g -O2   -fPIC -DPIC -DPIC conftest.c >&5
configure:8242: $? = 0
configure:8255: result: yes
configure:8284: checking if gcc static flag -static works
configure:8312: result: no
configure:8327: checking if gcc supports -c -o file.o
configure:8348: gcc -c -g -O2   -o out/conftest2.o conftest.c >&5
configure:8352: $? = 0
configure:8374: result: yes
configure:8382: checking if gcc supports -c -o file.o
configure:8429: result: yes
configure:8462: checking whether the gcc linker (/usr/bin/ld -m elf_x86_64) supports shared libraries
configure:9619: result: yes
configure:9859: checking dynamic linker characteristics
configure:10370: gcc -o conftest -g -O2     -Wl,-rpath -Wl,/foo conftest.c  >&5
configure:10370: $? = 0
configure:10604: result: GNU/Linux ld.so
configure:10711: checking how to hardcode library paths into programs
configure:10736: result: immediate
configure:11276: checking whether stripping libraries is possible
configure:11281: result: yes
configure:11316: checking if libtool supports shared libraries
configure:11318: result: yes
configure:11321: checking whether to build shared libraries
configure:11342: result: no
configure:11345: checking whether to build static libraries
configure:11349: result: yes
configure:11389: checking for doxygen
configure:11405: found /usr/bin/doxygen
configure:11417: result: true
configure:11435: checking for ANSI C header files
configure:11539: result: yes
configure:11549: checking for stdlib.h
configure:11549: result: yes
configure:11561: checking for an ANSI C-conforming const
configure:11626: gcc -c -g -O2   conftest.c >&5
configure:11626: $? = 0
configure:11633: result: yes
configure:11641: checking for size_t
configure:11641: gcc -c -g -O2   conftest.c >&5
configure:11641: $? = 0
configure:11641: gcc -c -g -O2   conftest.c >&5
conftest.c: In function 'main':
conftest.c:65:21: error: expected expression before ')' token
 if (sizeof ((size_t)))
                     ^
configure:11641: $? = 1
configure: failed program was:
| /* confdefs.h */
| #define PACKAGE_NAME "yaml"
| #define PACKAGE_TARNAME "yaml"
| #define PACKAGE_VERSION "0.1.4"
| #define PACKAGE_STRING "yaml 0.1.4"
| #define PACKAGE_BUGREPORT "http://pyyaml.org/newticket?component=libyaml"
| #define PACKAGE_URL ""
| #define PACKAGE "yaml"
| #define VERSION "0.1.4"
| #define YAML_VERSION_MAJOR 0
| #define YAML_VERSION_MINOR 1
| #define YAML_VERSION_PATCH 4
| #define YAML_VERSION_STRING "0.1.4"
| #define STDC_HEADERS 1
| #define HAVE_SYS_TYPES_H 1
| #define HAVE_SYS_STAT_H 1
| #define HAVE_STDLIB_H 1
| #define HAVE_STRING_H 1
| #define HAVE_MEMORY_H 1
| #define HAVE_STRINGS_H 1
| #define HAVE_INTTYPES_H 1
| #define HAVE_STDINT_H 1
| #define HAVE_UNISTD_H 1
| #define HAVE_DLFCN_H 1
| #define LT_OBJDIR ".libs/"
| #define STDC_HEADERS 1
| #define HAVE_STDLIB_H 1
| /* end confdefs.h.  */
| #include <stdio.h>
| #ifdef HAVE_SYS_TYPES_H
| # include <sys/types.h>
| #endif
| #ifdef HAVE_SYS_STAT_H
| # include <sys/stat.h>
| #endif
| #ifdef STDC_HEADERS
| # include <stdlib.h>
| # include <stddef.h>
| #else
| # ifdef HAVE_STDLIB_H
| #  include <stdlib.h>
| # endif
| #endif
| #ifdef HAVE_STRING_H
| # if !defined STDC_HEADERS && defined HAVE_MEMORY_H
| #  include <memory.h>
| # endif
| # include <string.h>
| #endif
| #ifdef HAVE_STRINGS_H
| # include <strings.h>
| #endif
| #ifdef HAVE_INTTYPES_H
| # include <inttypes.h>
| #endif
| #ifdef HAVE_STDINT_H
| # include <stdint.h>
| #endif
| #ifdef HAVE_UNISTD_H
| # include <unistd.h>
| #endif
| int
| main ()
| {
| if (sizeof ((size_t)))
| 	    return 0;
|   ;
|   return 0;
| }
configure:11641: result: yes
configure:11792: creating ./config.status

## ---------------------- ##
## Running config.status. ##
## ---------------------- ##

This file was extended by yaml config.status 0.1.4, which was
generated by GNU Autoconf 2.68.  Invocation command line was

  CONFIG_FILES    = 
  CONFIG_HEADERS  = 
  CONFIG_LINKS    = 
  CONFIG_COMMANDS = 
  $ ./config.status 

on hpc-login-vm3.rcc.fsu.edu

config.status:1106: creating yaml-0.1.pc
config.status:1106: creating include/Makefile
config.status:1106: creating src/Makefile
config.status:1106: creating Makefile
config.status:1106: creating tests/Makefile
config.status:1106: creating win32/Makefile
config.status:1106: creating config.h
config.status:1335: executing depfiles commands
config.status:1335: executing libtool commands

## ---------------- ##
## Cache variables. ##
## ---------------- ##

ac_cv_build=x86_64-unknown-linux-gnu
ac_cv_c_compiler_gnu=yes
ac_cv_c_const=yes
ac_cv_env_CC_set=set
ac_cv_env_CC_value=gcc
ac_cv_env_CFLAGS_set=set
ac_cv_env_CFLAGS_value='-g -O2'
ac_cv_env_CPPFLAGS_set=set
ac_cv_env_CPPFLAGS_value=' '
ac_cv_env_CPP_set=set
ac_cv_env_CPP_value='gcc -E'
ac_cv_env_LDFLAGS_set=set
ac_cv_env_LDFLAGS_value=' '
ac_cv_env_LIBS_set=set
ac_cv_env_LIBS_value=
ac_cv_env_build_alias_set=
ac_cv_env_build_alias_value=
ac_cv_env_host_alias_set=
ac_cv_env_host_alias_value=
ac_cv_env_target_alias_set=
ac_cv_env_target_alias_value=
ac_cv_header_dlfcn_h=yes
ac_cv_header_inttypes_h=yes
ac_cv_header_memory_h=yes
ac_cv_header_stdc=yes
ac_cv_header_stdint_h=yes
ac_cv_header_stdlib_h=yes
ac_cv_header_string_h=yes
ac_cv_header_strings_h=yes
ac_cv_header_sys_stat_h=yes
ac_cv_header_sys_types_h=yes
ac_cv_header_unistd_h=yes
ac_cv_host=x86_64-unknown-linux-gnu
ac_cv_objext=o
ac_cv_path_EGREP='/usr/bin/grep -E'
ac_cv_path_FGREP='/usr/bin/grep -F'
ac_cv_path_GREP=/usr/bin/grep
ac_cv_path_SED=/usr/bin/sed
ac_cv_path_install='/usr/bin/install -c'
ac_cv_path_mkdir=/usr/bin/mkdir
ac_cv_prog_AWK=gawk
ac_cv_prog_CPP='gcc -E'
ac_cv_prog_DOXYGEN=true
ac_cv_prog_ac_ct_CC=gcc
ac_cv_prog_ac_ct_OBJDUMP=objdump
ac_cv_prog_ac_ct_RANLIB=ranlib
ac_cv_prog_ac_ct_STRIP=strip
ac_cv_prog_cc_c89=
ac_cv_prog_cc_g=yes
ac_cv_prog_make_make_set=yes
ac_cv_type_size_t=yes
am_cv_CC_dependencies_compiler_type=gcc3
lt_cv_ar_at_file=@
lt_cv_deplibs_check_method=pass_all
lt_cv_file_magic_cmd='$MAGIC_CMD'
lt_cv_file_magic_test_file=
lt_cv_ld_reload_flag=-r
lt_cv_nm_interface='BSD nm'
lt_cv_objdir=.libs
lt_cv_path_LD=/usr/bin/ld
lt_cv_path_NM='/usr/bin/nm -B'
lt_cv_path_mainfest_tool=no
lt_cv_prog_compiler_c_o=yes
lt_cv_prog_compiler_pic='-fPIC -DPIC'
lt_cv_prog_compiler_pic_works=yes
lt_cv_prog_compiler_rtti_exceptions=no
lt_cv_prog_compiler_static_works=no
lt_cv_prog_gnu_ld=yes
lt_cv_sharedlib_from_linklib_cmd='printf %s\n'
lt_cv_shlibpath_overrides_runpath=no
lt_cv_sys_global_symbol_pipe='sed -n -e '\''s/^.*[	 ]\([ABCDGIRSTW][ABCDGIRSTW]*\)[	 ][	 ]*\([_A-Za-z][_A-Za-z0-9]*\)$/\1 \2 \2/p'\'' | sed '\''/ __gnu_lto/d'\'''
lt_cv_sys_global_symbol_to_c_name_address='sed -n -e '\''s/^: \([^ ]*\)[ ]*$/  {\"\1\", (void *) 0},/p'\'' -e '\''s/^[ABCDGIRSTW]* \([^ ]*\) \([^ ]*\)$/  {"\2", (void *) \&\2},/p'\'''
lt_cv_sys_global_symbol_to_c_name_address_lib_prefix='sed -n -e '\''s/^: \([^ ]*\)[ ]*$/  {\"\1\", (void *) 0},/p'\'' -e '\''s/^[ABCDGIRSTW]* \([^ ]*\) \(lib[^ ]*\)$/  {"\2", (void *) \&\2},/p'\'' -e '\''s/^[ABCDGIRSTW]* \([^ ]*\) \([^ ]*\)$/  {"lib\2", (void *) \&\2},/p'\'''
lt_cv_sys_global_symbol_to_cdecl='sed -n -e '\''s/^T .* \(.*\)$/extern int \1();/p'\'' -e '\''s/^[ABCDGIRSTW]* .* \(.*\)$/extern char \1;/p'\'''
lt_cv_sys_max_cmd_len=1572864
lt_cv_to_host_file_cmd=func_convert_file_noop
lt_cv_to_tool_file_cmd=func_convert_file_noop

## ----------------- ##
## Output variables. ##
## ----------------- ##

ACLOCAL='${SHELL} /gpfs/home/chuang3/XCEP_codes/abinit-7.10.4_xcep_v2pbc/fallbacks/sources/bigdft-1.7.0.93/yaml-0.1.4/config/missing --run aclocal-1.11'
AMDEPBACKSLASH='\'
AMDEP_FALSE='#'
AMDEP_TRUE=''
AMTAR='$${TAR-tar}'
AR='ar'
AUTOCONF='${SHELL} /gpfs/home/chuang3/XCEP_codes/abinit-7.10.4_xcep_v2pbc/fallbacks/sources/bigdft-1.7.0.93/yaml-0.1.4/config/missing --run autoconf'
AUTOHEADER='${SHELL} /gpfs/home/chuang3/XCEP_codes/abinit-7.10.4_xcep_v2pbc/fallbacks/sources/bigdft-1.7.0.93/yaml-0.1.4/config/missing --run autoheader'
AUTOMAKE='${SHELL} /gpfs/home/chuang3/XCEP_codes/abinit-7.10.4_xcep_v2pbc/fallbacks/sources/bigdft-1.7.0.93/yaml-0.1.4/config/missing --run automake-1.11'
AWK='gawk'
CC='gcc'
CCDEPMODE='depmode=gcc3'
CFLAGS='-g -O2'
CPP='gcc -E'
CPPFLAGS=' '
CYGPATH_W='echo'
DEFS='-DHAVE_CONFIG_H'
DEPDIR='.deps'
DLLTOOL='false'
DOXYGEN='true'
DOXYGEN_FALSE='#'
DOXYGEN_TRUE=''
DSYMUTIL=''
DUMPBIN=''
ECHO_C=''
ECHO_N='-n'
ECHO_T=''
EGREP='/usr/bin/grep -E'
EXEEXT=''
FGREP='/usr/bin/grep -F'
GREP='/usr/bin/grep'
INSTALL_DATA='${INSTALL} -m 644'
INSTALL_PROGRAM='${INSTALL}'
INSTALL_SCRIPT='${INSTALL}'
INSTALL_STRIP_PROGRAM='$(install_sh) -c -s'
LD='/usr/bin/ld -m elf_x86_64'
LDFLAGS=' '
LIBOBJS=''
LIBS=''
LIBTOOL='$(SHELL) $(top_builddir)/libtool'
LIPO=''
LN_S='ln -s'
LTLIBOBJS=''
MAKEINFO='${SHELL} /gpfs/home/chuang3/XCEP_codes/abinit-7.10.4_xcep_v2pbc/fallbacks/sources/bigdft-1.7.0.93/yaml-0.1.4/config/missing --run makeinfo'
MANIFEST_TOOL=':'
MKDIR_P='/usr/bin/mkdir -p'
NM='/usr/bin/nm -B'
NMEDIT=''
OBJDUMP='objdump'
OBJEXT='o'
OTOOL64=''
OTOOL=''
PACKAGE='yaml'
PACKAGE_BUGREPORT='http://pyyaml.org/newticket?component=libyaml'
PACKAGE_NAME='yaml'
PACKAGE_STRING='yaml 0.1.4'
PACKAGE_TARNAME='yaml'
PACKAGE_URL=''
PACKAGE_VERSION='0.1.4'
PATH_SEPARATOR=':'
RANLIB='ranlib'
SED='/usr/bin/sed'
SET_MAKE=''
SHELL='/bin/sh'
STRIP='strip'
VERSION='0.1.4'
YAML_LT_AGE='0'
YAML_LT_CURRENT='2'
YAML_LT_RELEASE='0'
YAML_LT_REVISION='2'
ac_ct_AR=''
ac_ct_CC='gcc'
ac_ct_DUMPBIN=''
am__EXEEXT_FALSE=''
am__EXEEXT_TRUE='#'
am__fastdepCC_FALSE='#'
am__fastdepCC_TRUE=''
am__include='include'
am__isrc=''
am__leading_dot='.'
am__nodep='_no'
am__quote=''
am__tar='$${TAR-tar} chof - "$$tardir"'
am__untar='$${TAR-tar} xf -'
bindir='/gpfs/home/chuang3/XCEP_codes/abinit-7.10.4_xcep_v2pbc/fallbacks/exports/bin'
build='x86_64-unknown-linux-gnu'
build_alias=''
build_cpu='x86_64'
build_os='linux-gnu'
build_vendor='unknown'
datadir='${datarootdir}'
datarootdir='${prefix}/share'
docdir='${datarootdir}/doc/${PACKAGE_TARNAME}'
dvidir='${docdir}'
exec_prefix='${prefix}'
host='x86_64-unknown-linux-gnu'
host_alias=''
host_cpu='x86_64'
host_os='linux-gnu'
host_vendor='unknown'
htmldir='${docdir}'
includedir='${prefix}/include'
infodir='${datarootdir}/info'
install_sh='${SHELL} /gpfs/home/chuang3/XCEP_codes/abinit-7.10.4_xcep_v2pbc/fallbacks/sources/bigdft-1.7.0.93/yaml-0.1.4/config/install-sh'
libdir='/gpfs/home/chuang3/XCEP_codes/abinit-7.10.4_xcep_v2pbc/fallbacks/exports/lib'
libexecdir='${exec_prefix}/libexec'
localedir='${datarootdir}/locale'
localstatedir='${prefix}/var'
mandir='${datarootdir}/man'
mkdir_p='/usr/bin/mkdir -p'
oldincludedir='/usr/include'
pdfdir='${docdir}'
prefix='/gpfs/home/chuang3/XCEP_codes/abinit-7.10.4_xcep_v2pbc/fallbacks/exports'
program_transform_name='s&$$&-abinit&'
psdir='${docdir}'
sbindir='${exec_prefix}/sbin'
sharedstatedir='${prefix}/com'
sysconfdir='${prefix}/etc'
target_alias=''

## ----------- ##
## confdefs.h. ##
## ----------- ##

/* confdefs.h */
#define PACKAGE_NAME "yaml"
#define PACKAGE_TARNAME "yaml"
#define PACKAGE_VERSION "0.1.4"
#define PACKAGE_STRING "yaml 0.1.4"
#define PACKAGE_BUGREPORT "http://pyyaml.org/newticket?component=libyaml"
#define PACKAGE_URL ""
#define PACKAGE "yaml"
#define VERSION "0.1.4"
#define YAML_VERSION_MAJOR 0
#define YAML_VERSION_MINOR 1
#define YAML_VERSION_PATCH 4
#define YAML_VERSION_STRING "0.1.4"
#define STDC_HEADERS 1
#define HAVE_SYS_TYPES_H 1
#define HAVE_SYS_STAT_H 1
#define HAVE_STDLIB_H 1
#define HAVE_STRING_H 1
#define HAVE_MEMORY_H 1
#define HAVE_STRINGS_H 1
#define HAVE_INTTYPES_H 1
#define HAVE_STDINT_H 1
#define HAVE_UNISTD_H 1
#define HAVE_DLFCN_H 1
#define LT_OBJDIR ".libs/"
#define STDC_HEADERS 1
#define HAVE_STDLIB_H 1

configure: exit 0
