This file contains any messages produced by compilers while
running configure, to aid debugging if configure makes a mistake.

It was created by S_GPU configure 1.0, which was
generated by GNU Autoconf 2.68.  Invocation command line was

  $ ./configure --disable-option-checking --prefix=/gpfs/home/chuang3/XCEP_codes/abinit-7.10.4_xcep_v1/fallbacks/exports --bindir=/gpfs/home/chuang3/XCEP_codes/abinit-7.10.4_xcep_v1/fallbacks/exports/bin --libdir=/gpfs/home/chuang3/XCEP_codes/abinit-7.10.4_xcep_v1/fallbacks/exports/lib --program-suffix=-abinit --disable-binaries --disable-bindings --enable-libbigdft --without-archives --with-moduledir=/gpfs/home/chuang3/XCEP_codes/abinit-7.10.4_xcep_v1/fallbacks/exports/include --enable-internal-libyaml --disable-shared --disable-internal-libxc --with-libxc-incs=-I/gpfs/home/chuang3/XCEP_codes/abinit-7.10.4_xcep_v1/fallbacks/exports/include --with-libxc-libs=-L/gpfs/home/chuang3/XCEP_codes/abinit-7.10.4_xcep_v1/fallbacks/exports/lib -lxc CC=gcc CFLAGS=-g -O2 LDFLAGS=  LIBS= CPPFLAGS=  CXX=g++ CXXFLAGS= FC=gfortran FCFLAGS=-ffree-form -g -ffree-line-length-none   -O2 -mtune=native -march=native -g -O2  F77=gfortran FFLAGS=-ffixed-form -g -ffree-line-length-none   -O2 -mtune=native -march=native -g -O2  CPP=gcc -E --cache-file=/dev/null --srcdir=.

## --------- ##
## Platform. ##
## --------- ##

hostname = hpc-login-26.rcc.fsu.edu
uname -m = x86_64
uname -r = 3.10.0-693.21.1.el7.x86_64
uname -s = Linux
uname -v = #1 SMP Wed Mar 7 19:03:37 UTC 2018

/usr/bin/uname -p = x86_64
/bin/uname -X     = unknown

/bin/arch              = x86_64
/usr/bin/arch -k       = unknown
/usr/convex/getsysinfo = unknown
/usr/bin/hostinfo      = unknown
/bin/machine           = unknown
/usr/bin/oslevel       = unknown
/bin/universe          = unknown

PATH: /gpfs/home/chuang3/codes/gpaw-0.11.0.13004/build/bin.linux-x86_64-2.7
PATH: /gpfs/home/chuang3/codes/gpaw-0.11.0.13004/tools
PATH: /gpfs/home/chuang3/ase/tools
PATH: /gpfs/home/chuang3/.local/bin
PATH: /gpfs/home/chuang3/bin
PATH: /gpfs/research/software/nbo/nbo6/bin/
PATH: /gpfs/research/software/gaussian09/intel/g09.01/bsd
PATH: /gpfs/research/software/gaussian09/intel/g09.01/local
PATH: /gpfs/research/software/gaussian09/intel/g09.01/extras
PATH: /gpfs/research/software/gaussian09/intel/g09.01
PATH: /gpfs/research/software/gv
PATH: /gpfs/research/software/matlab/r2018b/bin
PATH: /gpfs/research/software/hpc/gnu/openmpi/bin
PATH: /opt/hpc/gnu/openmpi/bin
PATH: /gpfs/research/software/hpc/gnu/bin
PATH: /opt/hpc/gnu/bin
PATH: /usr/local/bin
PATH: /usr/bin
PATH: /usr/local/sbin
PATH: /usr/sbin
PATH: /opt/puppetlabs/bin
PATH: /gpfs/home/chuang3/vtstscripts-937/
PATH: /gpfs/home/chuang3/bin


## ----------- ##
## Core tests. ##
## ----------- ##

configure:2586: checking for C++ compiler version
configure:2595: g++ --version >&5
g++ (GCC) 4.8.5 20150623 (Red Hat 4.8.5-16)
Copyright (C) 2015 Free Software Foundation, Inc.
This is free software; see the source for copying conditions.  There is NO
warranty; not even for MERCHANTABILITY or FITNESS FOR A PARTICULAR PURPOSE.

configure:2606: $? = 0
configure:2595: g++ -v >&5
Using built-in specs.
COLLECT_GCC=g++
COLLECT_LTO_WRAPPER=/usr/libexec/gcc/x86_64-redhat-linux/4.8.5/lto-wrapper
Target: x86_64-redhat-linux
Configured with: ../configure --prefix=/usr --mandir=/usr/share/man --infodir=/usr/share/info --with-bugurl=http://bugzilla.redhat.com/bugzilla --enable-bootstrap --enable-shared --enable-threads=posix --enable-checking=release --with-system-zlib --enable-__cxa_atexit --disable-libunwind-exceptions --enable-gnu-unique-object --enable-linker-build-id --with-linker-hash-style=gnu --enable-languages=c,c++,objc,obj-c++,java,fortran,ada,go,lto --enable-plugin --enable-initfini-array --disable-libgcj --with-isl=/builddir/build/BUILD/gcc-4.8.5-20150702/obj-x86_64-redhat-linux/isl-install --with-cloog=/builddir/build/BUILD/gcc-4.8.5-20150702/obj-x86_64-redhat-linux/cloog-install --enable-gnu-indirect-function --with-tune=generic --with-arch_32=x86-64 --build=x86_64-redhat-linux
Thread model: posix
gcc version 4.8.5 20150623 (Red Hat 4.8.5-16) (GCC) 
configure:2606: $? = 0
configure:2595: g++ -V >&5
g++: error: unrecognized command line option '-V'
g++: fatal error: no input files
compilation terminated.
configure:2606: $? = 4
configure:2595: g++ -qversion >&5
g++: error: unrecognized command line option '-qversion'
g++: fatal error: no input files
compilation terminated.
configure:2606: $? = 4
configure:2626: checking whether the C++ compiler works
configure:2648: g++      conftest.cpp  >&5
configure:2652: $? = 0
configure:2700: result: yes
configure:2703: checking for C++ compiler default output file name
configure:2705: result: a.out
configure:2711: checking for suffix of executables
configure:2718: g++ -o conftest      conftest.cpp  >&5
configure:2722: $? = 0
configure:2744: result: 
configure:2766: checking whether we are cross compiling
configure:2774: g++ -o conftest      conftest.cpp  >&5
configure:2778: $? = 0
configure:2785: ./conftest
configure:2789: $? = 0
configure:2804: result: no
configure:2809: checking for suffix of object files
configure:2831: g++ -c    conftest.cpp >&5
configure:2835: $? = 0
configure:2856: result: o
configure:2860: checking whether we are using the GNU C++ compiler
configure:2879: g++ -c    conftest.cpp >&5
configure:2879: $? = 0
configure:2888: result: yes
configure:2897: checking whether g++ accepts -g
configure:2917: g++ -c -g   conftest.cpp >&5
configure:2917: $? = 0
configure:2958: result: yes
configure:3029: checking for gcc
configure:3056: result: gcc
configure:3285: checking for C compiler version
configure:3294: gcc --version >&5
gcc (GCC) 4.8.5 20150623 (Red Hat 4.8.5-16)
Copyright (C) 2015 Free Software Foundation, Inc.
This is free software; see the source for copying conditions.  There is NO
warranty; not even for MERCHANTABILITY or FITNESS FOR A PARTICULAR PURPOSE.

configure:3305: $? = 0
configure:3294: gcc -v >&5
Using built-in specs.
COLLECT_GCC=gcc
COLLECT_LTO_WRAPPER=/usr/libexec/gcc/x86_64-redhat-linux/4.8.5/lto-wrapper
Target: x86_64-redhat-linux
Configured with: ../configure --prefix=/usr --mandir=/usr/share/man --infodir=/usr/share/info --with-bugurl=http://bugzilla.redhat.com/bugzilla --enable-bootstrap --enable-shared --enable-threads=posix --enable-checking=release --with-system-zlib --enable-__cxa_atexit --disable-libunwind-exceptions --enable-gnu-unique-object --enable-linker-build-id --with-linker-hash-style=gnu --enable-languages=c,c++,objc,obj-c++,java,fortran,ada,go,lto --enable-plugin --enable-initfini-array --disable-libgcj --with-isl=/builddir/build/BUILD/gcc-4.8.5-20150702/obj-x86_64-redhat-linux/isl-install --with-cloog=/builddir/build/BUILD/gcc-4.8.5-20150702/obj-x86_64-redhat-linux/cloog-install --enable-gnu-indirect-function --with-tune=generic --with-arch_32=x86-64 --build=x86_64-redhat-linux
Thread model: posix
gcc version 4.8.5 20150623 (Red Hat 4.8.5-16) (GCC) 
configure:3305: $? = 0
configure:3294: gcc -V >&5
gcc: error: unrecognized command line option '-V'
gcc: fatal error: no input files
compilation terminated.
configure:3305: $? = 4
configure:3294: gcc -qversion >&5
gcc: error: unrecognized command line option '-qversion'
gcc: fatal error: no input files
compilation terminated.
configure:3305: $? = 4
configure:3309: checking whether we are using the GNU C compiler
configure:3328: gcc -c -g -O2   conftest.c >&5
configure:3328: $? = 0
configure:3337: result: yes
configure:3346: checking whether gcc accepts -g
configure:3366: gcc -c -g   conftest.c >&5
configure:3366: $? = 0
configure:3407: result: yes
configure:3424: checking for gcc option to accept ISO C89
configure:3488: gcc  -c -g -O2   conftest.c >&5
configure:3488: $? = 0
configure:3501: result: none needed
configure:3564: checking for a BSD-compatible install
configure:3632: result: /usr/bin/install -c
configure:3679: checking build system type
configure:3693: result: x86_64-unknown-linux-gnu
configure:3713: checking host system type
configure:3726: result: x86_64-unknown-linux-gnu
configure:3767: checking how to print strings
configure:3794: result: printf
configure:3815: checking for a sed that does not truncate output
configure:3879: result: /usr/bin/sed
configure:3897: checking for grep that handles long lines and -e
configure:3955: result: /usr/bin/grep
configure:3960: checking for egrep
configure:4022: result: /usr/bin/grep -E
configure:4027: checking for fgrep
configure:4089: result: /usr/bin/grep -F
configure:4124: checking for ld used by gcc
configure:4191: result: /usr/bin/ld
configure:4198: checking if the linker (/usr/bin/ld) is GNU ld
configure:4213: result: yes
configure:4225: checking for BSD- or MS-compatible name lister (nm)
configure:4274: result: /usr/bin/nm -B
configure:4404: checking the name lister (/usr/bin/nm -B) interface
configure:4411: gcc -c -g -O2   conftest.c >&5
configure:4414: /usr/bin/nm -B "conftest.o"
configure:4417: output
0000000000000000 B some_variable
configure:4424: result: BSD nm
configure:4427: checking whether ln -s works
configure:4431: result: yes
configure:4439: checking the maximum length of command line arguments
configure:4569: result: 3458764513820540925
configure:4586: checking whether the shell understands some XSI constructs
configure:4596: result: yes
configure:4600: checking whether the shell understands "+="
configure:4606: result: yes
configure:4641: checking how to convert x86_64-unknown-linux-gnu file names to x86_64-unknown-linux-gnu format
configure:4681: result: func_convert_file_noop
configure:4688: checking how to convert x86_64-unknown-linux-gnu file names to toolchain format
configure:4708: result: func_convert_file_noop
configure:4715: checking for /usr/bin/ld option to reload object files
configure:4722: result: -r
configure:4796: checking for objdump
configure:4812: found /usr/bin/objdump
configure:4823: result: objdump
configure:4855: checking how to recognize dependent libraries
configure:5057: result: pass_all
configure:5142: checking for dlltool
configure:5172: result: no
configure:5202: checking how to associate runtime and link libraries
configure:5229: result: printf %s\n
configure:5354: checking for archiver @FILE support
configure:5371: gcc -c -g -O2   conftest.c >&5
configure:5371: $? = 0
configure:5374: ar cru libconftest.a @conftest.lst >&5
configure:5377: $? = 0
configure:5382: ar cru libconftest.a @conftest.lst >&5
ar: conftest.o: No such file or directory
configure:5385: $? = 1
configure:5397: result: @
configure:5455: checking for strip
configure:5471: found /usr/bin/strip
configure:5482: result: strip
configure:5554: checking for ranlib
configure:5581: result: ranlib
configure:5658: checking for gawk
configure:5674: found /usr/bin/gawk
configure:5685: result: gawk
configure:5725: checking command to parse /usr/bin/nm -B output from gcc object
configure:5845: gcc -c -g -O2   conftest.c >&5
configure:5848: $? = 0
configure:5852: /usr/bin/nm -B conftest.o \| sed -n -e 's/^.*[ ]\([ABCDGIRSTW][ABCDGIRSTW]*\)[ ][ ]*\([_A-Za-z][_A-Za-z0-9]*\)$/\1 \2 \2/p' | sed '/ __gnu_lto/d' \> conftest.nm
configure:5855: $? = 0
configure:5921: gcc -o conftest -g -O2     conftest.c conftstm.o >&5
configure:5924: $? = 0
configure:5962: result: ok
configure:5999: checking for sysroot
configure:6029: result: no
configure:6106: gcc -c -g -O2   conftest.c >&5
configure:6109: $? = 0
configure:6285: checking for mt
configure:6315: result: no
configure:6335: checking if : is a manifest tool
configure:6341: : '-?'
configure:6349: result: no
configure:6991: checking how to run the C preprocessor
configure:7061: result: gcc -E
configure:7081: gcc -E   conftest.c
configure:7081: $? = 0
configure:7095: gcc -E   conftest.c
conftest.c:9:28: fatal error: ac_nonexistent.h: No such file or directory
 #include <ac_nonexistent.h>
                            ^
compilation terminated.
configure:7095: $? = 1
configure: failed program was:
| /* confdefs.h */
| #define PACKAGE_NAME "S_GPU"
| #define PACKAGE_TARNAME "s_gpu"
| #define PACKAGE_VERSION "1.0"
| #define PACKAGE_STRING "S_GPU 1.0"
| #define PACKAGE_BUGREPORT "jerome.reybert@imag.fr"
| #define PACKAGE_URL ""
| /* end confdefs.h.  */
| #include <ac_nonexistent.h>
configure:7124: checking for ANSI C header files
configure:7144: gcc -c -g -O2   conftest.c >&5
configure:7144: $? = 0
configure:7217: gcc -o conftest -g -O2     conftest.c  >&5
configure:7217: $? = 0
configure:7217: ./conftest
configure:7217: $? = 0
configure:7228: result: yes
configure:7241: checking for sys/types.h
configure:7241: gcc -c -g -O2   conftest.c >&5
configure:7241: $? = 0
configure:7241: result: yes
configure:7241: checking for sys/stat.h
configure:7241: gcc -c -g -O2   conftest.c >&5
configure:7241: $? = 0
configure:7241: result: yes
configure:7241: checking for stdlib.h
configure:7241: gcc -c -g -O2   conftest.c >&5
configure:7241: $? = 0
configure:7241: result: yes
configure:7241: checking for string.h
configure:7241: gcc -c -g -O2   conftest.c >&5
configure:7241: $? = 0
configure:7241: result: yes
configure:7241: checking for memory.h
configure:7241: gcc -c -g -O2   conftest.c >&5
configure:7241: $? = 0
configure:7241: result: yes
configure:7241: checking for strings.h
configure:7241: gcc -c -g -O2   conftest.c >&5
configure:7241: $? = 0
configure:7241: result: yes
configure:7241: checking for inttypes.h
configure:7241: gcc -c -g -O2   conftest.c >&5
configure:7241: $? = 0
configure:7241: result: yes
configure:7241: checking for stdint.h
configure:7241: gcc -c -g -O2   conftest.c >&5
configure:7241: $? = 0
configure:7241: result: yes
configure:7241: checking for unistd.h
configure:7241: gcc -c -g -O2   conftest.c >&5
configure:7241: $? = 0
configure:7241: result: yes
configure:7255: checking for dlfcn.h
configure:7255: gcc -c -g -O2   conftest.c >&5
configure:7255: $? = 0
configure:7255: result: yes
configure:7472: checking for objdir
configure:7487: result: .libs
configure:7758: checking if gcc supports -fno-rtti -fno-exceptions
configure:7776: gcc -c -g -O2   -fno-rtti -fno-exceptions conftest.c >&5
cc1: warning: command line option '-fno-rtti' is valid for C++/ObjC++ but not for C [enabled by default]
configure:7780: $? = 0
configure:7793: result: no
configure:8120: checking for gcc option to produce PIC
configure:8127: result: -fPIC -DPIC
configure:8135: checking if gcc PIC flag -fPIC -DPIC works
configure:8153: gcc -c -g -O2   -fPIC -DPIC -DPIC conftest.c >&5
configure:8157: $? = 0
configure:8170: result: yes
configure:8199: checking if gcc static flag -static works
configure:8227: result: no
configure:8242: checking if gcc supports -c -o file.o
configure:8263: gcc -c -g -O2   -o out/conftest2.o conftest.c >&5
configure:8267: $? = 0
configure:8289: result: yes
configure:8297: checking if gcc supports -c -o file.o
configure:8344: result: yes
configure:8377: checking whether the gcc linker (/usr/bin/ld -m elf_x86_64) supports shared libraries
configure:9534: result: yes
configure:9774: checking dynamic linker characteristics
configure:10285: gcc -o conftest -g -O2     -Wl,-rpath -Wl,/foo conftest.c  >&5
configure:10285: $? = 0
configure:10519: result: GNU/Linux ld.so
configure:10626: checking how to hardcode library paths into programs
configure:10651: result: immediate
configure:11191: checking whether stripping libraries is possible
configure:11196: result: yes
configure:11231: checking if libtool supports shared libraries
configure:11233: result: yes
configure:11236: checking whether to build shared libraries
configure:11257: result: no
configure:11260: checking whether to build static libraries
configure:11264: result: yes
configure:11287: checking how to run the C++ preprocessor
configure:11314: g++ -E   conftest.cpp
configure:11314: $? = 0
configure:11328: g++ -E   conftest.cpp
conftest.cpp:21:28: fatal error: ac_nonexistent.h: No such file or directory
 #include <ac_nonexistent.h>
                            ^
compilation terminated.
configure:11328: $? = 1
configure: failed program was:
| /* confdefs.h */
| #define PACKAGE_NAME "S_GPU"
| #define PACKAGE_TARNAME "s_gpu"
| #define PACKAGE_VERSION "1.0"
| #define PACKAGE_STRING "S_GPU 1.0"
| #define PACKAGE_BUGREPORT "jerome.reybert@imag.fr"
| #define PACKAGE_URL ""
| #define STDC_HEADERS 1
| #define HAVE_SYS_TYPES_H 1
| #define HAVE_SYS_STAT_H 1
| #define HAVE_STDLIB_H 1
| #define HAVE_STRING_H 1
| #define HAVE_MEMORY_H 1
| #define HAVE_STRINGS_H 1
| #define HAVE_INTTYPES_H 1
| #define HAVE_STDINT_H 1
| #define HAVE_UNISTD_H 1
| #define HAVE_DLFCN_H 1
| #define LT_OBJDIR ".libs/"
| /* end confdefs.h.  */
| #include <ac_nonexistent.h>
configure:11353: result: g++ -E
configure:11373: g++ -E   conftest.cpp
configure:11373: $? = 0
configure:11387: g++ -E   conftest.cpp
conftest.cpp:21:28: fatal error: ac_nonexistent.h: No such file or directory
 #include <ac_nonexistent.h>
                            ^
compilation terminated.
configure:11387: $? = 1
configure: failed program was:
| /* confdefs.h */
| #define PACKAGE_NAME "S_GPU"
| #define PACKAGE_TARNAME "s_gpu"
| #define PACKAGE_VERSION "1.0"
| #define PACKAGE_STRING "S_GPU 1.0"
| #define PACKAGE_BUGREPORT "jerome.reybert@imag.fr"
| #define PACKAGE_URL ""
| #define STDC_HEADERS 1
| #define HAVE_SYS_TYPES_H 1
| #define HAVE_SYS_STAT_H 1
| #define HAVE_STDLIB_H 1
| #define HAVE_STRING_H 1
| #define HAVE_MEMORY_H 1
| #define HAVE_STRINGS_H 1
| #define HAVE_INTTYPES_H 1
| #define HAVE_STDINT_H 1
| #define HAVE_UNISTD_H 1
| #define HAVE_DLFCN_H 1
| #define LT_OBJDIR ".libs/"
| /* end confdefs.h.  */
| #include <ac_nonexistent.h>
configure:11556: checking for ld used by g++
configure:11623: result: /usr/bin/ld -m elf_x86_64
configure:11630: checking if the linker (/usr/bin/ld -m elf_x86_64) is GNU ld
configure:11645: result: yes
configure:11700: checking whether the g++ linker (/usr/bin/ld -m elf_x86_64) supports shared libraries
configure:12705: result: yes
configure:12741: g++ -c    conftest.cpp >&5
configure:12744: $? = 0
configure:13264: checking for g++ option to produce PIC
configure:13271: result: -fPIC -DPIC
configure:13279: checking if g++ PIC flag -fPIC -DPIC works
configure:13297: g++ -c    -fPIC -DPIC -DPIC conftest.cpp >&5
configure:13301: $? = 0
configure:13314: result: yes
configure:13337: checking if g++ static flag -static works
configure:13365: result: no
configure:13377: checking if g++ supports -c -o file.o
configure:13398: g++ -c    -o out/conftest2.o conftest.cpp >&5
configure:13402: $? = 0
configure:13424: result: yes
configure:13429: checking if g++ supports -c -o file.o
configure:13476: result: yes
configure:13506: checking whether the g++ linker (/usr/bin/ld -m elf_x86_64) supports shared libraries
configure:13545: result: yes
configure:13686: checking dynamic linker characteristics
configure:14365: result: GNU/Linux ld.so
configure:14418: checking how to hardcode library paths into programs
configure:14443: result: immediate
configure:14518: checking netdb.h usability
configure:14518: gcc -c -g -O2   conftest.c >&5
configure:14518: $? = 0
configure:14518: result: yes
configure:14518: checking netdb.h presence
configure:14518: gcc -E   conftest.c
configure:14518: $? = 0
configure:14518: result: yes
configure:14518: checking for netdb.h
configure:14518: result: yes
configure:14518: checking netinet/in.h usability
configure:14518: gcc -c -g -O2   conftest.c >&5
configure:14518: $? = 0
configure:14518: result: yes
configure:14518: checking netinet/in.h presence
configure:14518: gcc -E   conftest.c
configure:14518: $? = 0
configure:14518: result: yes
configure:14518: checking for netinet/in.h
configure:14518: result: yes
configure:14518: checking stddef.h usability
configure:14518: gcc -c -g -O2   conftest.c >&5
configure:14518: $? = 0
configure:14518: result: yes
configure:14518: checking stddef.h presence
configure:14518: gcc -E   conftest.c
configure:14518: $? = 0
configure:14518: result: yes
configure:14518: checking for stddef.h
configure:14518: result: yes
configure:14518: checking for stdlib.h
configure:14518: result: yes
configure:14518: checking sys/socket.h usability
configure:14518: gcc -c -g -O2   conftest.c >&5
configure:14518: $? = 0
configure:14518: result: yes
configure:14518: checking sys/socket.h presence
configure:14518: gcc -E   conftest.c
configure:14518: $? = 0
configure:14518: result: yes
configure:14518: checking for sys/socket.h
configure:14518: result: yes
configure:14518: checking for unistd.h
configure:14518: result: yes
configure:14530: checking for stdbool.h that conforms to C99
configure:14597: gcc -c -g -O2   conftest.c >&5
configure:14597: $? = 0
configure:14604: result: yes
configure:14606: checking for _Bool
configure:14606: gcc -c -g -O2   conftest.c >&5
configure:14606: $? = 0
configure:14606: gcc -c -g -O2   conftest.c >&5
conftest.c: In function 'main':
conftest.c:63:20: error: expected expression before ')' token
 if (sizeof ((_Bool)))
                    ^
configure:14606: $? = 1
configure: failed program was:
| /* confdefs.h */
| #define PACKAGE_NAME "S_GPU"
| #define PACKAGE_TARNAME "s_gpu"
| #define PACKAGE_VERSION "1.0"
| #define PACKAGE_STRING "S_GPU 1.0"
| #define PACKAGE_BUGREPORT "jerome.reybert@imag.fr"
| #define PACKAGE_URL ""
| #define STDC_HEADERS 1
| #define HAVE_SYS_TYPES_H 1
| #define HAVE_SYS_STAT_H 1
| #define HAVE_STDLIB_H 1
| #define HAVE_STRING_H 1
| #define HAVE_MEMORY_H 1
| #define HAVE_STRINGS_H 1
| #define HAVE_INTTYPES_H 1
| #define HAVE_STDINT_H 1
| #define HAVE_UNISTD_H 1
| #define HAVE_DLFCN_H 1
| #define LT_OBJDIR ".libs/"
| #define HAVE_NETDB_H 1
| #define HAVE_NETINET_IN_H 1
| #define HAVE_STDDEF_H 1
| #define HAVE_STDLIB_H 1
| #define HAVE_SYS_SOCKET_H 1
| #define HAVE_UNISTD_H 1
| /* end confdefs.h.  */
| #include <stdio.h>
| #ifdef HAVE_SYS_TYPES_H
| # include <sys/types.h>
| #endif
| #ifdef HAVE_SYS_STAT_H
| # include <sys/stat.h>
| #endif
| #ifdef STDC_HEADERS
| # include <stdlib.h>
| # include <stddef.h>
| #else
| # ifdef HAVE_STDLIB_H
| #  include <stdlib.h>
| # endif
| #endif
| #ifdef HAVE_STRING_H
| # if !defined STDC_HEADERS && defined HAVE_MEMORY_H
| #  include <memory.h>
| # endif
| # include <string.h>
| #endif
| #ifdef HAVE_STRINGS_H
| # include <strings.h>
| #endif
| #ifdef HAVE_INTTYPES_H
| # include <inttypes.h>
| #endif
| #ifdef HAVE_STDINT_H
| # include <stdint.h>
| #endif
| #ifdef HAVE_UNISTD_H
| # include <unistd.h>
| #endif
| int
| main ()
| {
| if (sizeof ((_Bool)))
| 	    return 0;
|   ;
|   return 0;
| }
configure:14606: result: yes
configure:14622: checking for inline
configure:14638: gcc -c -g -O2   conftest.c >&5
configure:14638: $? = 0
configure:14646: result: inline
configure:14664: checking for size_t
configure:14664: gcc -c -g -O2   conftest.c >&5
configure:14664: $? = 0
configure:14664: gcc -c -g -O2   conftest.c >&5
conftest.c: In function 'main':
conftest.c:65:21: error: expected expression before ')' token
 if (sizeof ((size_t)))
                     ^
configure:14664: $? = 1
configure: failed program was:
| /* confdefs.h */
| #define PACKAGE_NAME "S_GPU"
| #define PACKAGE_TARNAME "s_gpu"
| #define PACKAGE_VERSION "1.0"
| #define PACKAGE_STRING "S_GPU 1.0"
| #define PACKAGE_BUGREPORT "jerome.reybert@imag.fr"
| #define PACKAGE_URL ""
| #define STDC_HEADERS 1
| #define HAVE_SYS_TYPES_H 1
| #define HAVE_SYS_STAT_H 1
| #define HAVE_STDLIB_H 1
| #define HAVE_STRING_H 1
| #define HAVE_MEMORY_H 1
| #define HAVE_STRINGS_H 1
| #define HAVE_INTTYPES_H 1
| #define HAVE_STDINT_H 1
| #define HAVE_UNISTD_H 1
| #define HAVE_DLFCN_H 1
| #define LT_OBJDIR ".libs/"
| #define HAVE_NETDB_H 1
| #define HAVE_NETINET_IN_H 1
| #define HAVE_STDDEF_H 1
| #define HAVE_STDLIB_H 1
| #define HAVE_SYS_SOCKET_H 1
| #define HAVE_UNISTD_H 1
| #define HAVE__BOOL 1
| #define HAVE_STDBOOL_H 1
| /* end confdefs.h.  */
| #include <stdio.h>
| #ifdef HAVE_SYS_TYPES_H
| # include <sys/types.h>
| #endif
| #ifdef HAVE_SYS_STAT_H
| # include <sys/stat.h>
| #endif
| #ifdef STDC_HEADERS
| # include <stdlib.h>
| # include <stddef.h>
| #else
| # ifdef HAVE_STDLIB_H
| #  include <stdlib.h>
| # endif
| #endif
| #ifdef HAVE_STRING_H
| # if !defined STDC_HEADERS && defined HAVE_MEMORY_H
| #  include <memory.h>
| # endif
| # include <string.h>
| #endif
| #ifdef HAVE_STRINGS_H
| # include <strings.h>
| #endif
| #ifdef HAVE_INTTYPES_H
| # include <inttypes.h>
| #endif
| #ifdef HAVE_STDINT_H
| # include <stdint.h>
| #endif
| #ifdef HAVE_UNISTD_H
| # include <unistd.h>
| #endif
| int
| main ()
| {
| if (sizeof ((size_t)))
| 	    return 0;
|   ;
|   return 0;
| }
configure:14664: result: yes
configure:14679: checking for stdlib.h
configure:14679: result: yes
configure:14689: checking for GNU libc compatible malloc
configure:14713: gcc -o conftest -g -O2     conftest.c  >&5
configure:14713: $? = 0
configure:14713: ./conftest
configure:14713: $? = 0
configure:14723: result: yes
configure:14744: checking whether strerror_r is declared
configure:14744: gcc -c -g -O2   conftest.c >&5
configure:14744: $? = 0
configure:14744: result: yes
configure:14757: checking for strerror_r
configure:14757: gcc -o conftest -g -O2     conftest.c  >&5
configure:14757: $? = 0
configure:14757: result: yes
configure:14766: checking whether strerror_r returns char *
configure:14790: gcc -c -g -O2   conftest.c >&5
conftest.c: In function 'main':
conftest.c:71:13: error: invalid type argument of unary '*' (have 'int')
    char x = *strerror_r (0, buf, sizeof buf);
             ^
conftest.c:72:14: warning: initialization makes pointer from integer without a cast [enabled by default]
    char *p = strerror_r (0, buf, sizeof buf);
              ^
configure:14790: $? = 1
configure: failed program was:
| /* confdefs.h */
| #define PACKAGE_NAME "S_GPU"
| #define PACKAGE_TARNAME "s_gpu"
| #define PACKAGE_VERSION "1.0"
| #define PACKAGE_STRING "S_GPU 1.0"
| #define PACKAGE_BUGREPORT "jerome.reybert@imag.fr"
| #define PACKAGE_URL ""
| #define STDC_HEADERS 1
| #define HAVE_SYS_TYPES_H 1
| #define HAVE_SYS_STAT_H 1
| #define HAVE_STDLIB_H 1
| #define HAVE_STRING_H 1
| #define HAVE_MEMORY_H 1
| #define HAVE_STRINGS_H 1
| #define HAVE_INTTYPES_H 1
| #define HAVE_STDINT_H 1
| #define HAVE_UNISTD_H 1
| #define HAVE_DLFCN_H 1
| #define LT_OBJDIR ".libs/"
| #define HAVE_NETDB_H 1
| #define HAVE_NETINET_IN_H 1
| #define HAVE_STDDEF_H 1
| #define HAVE_STDLIB_H 1
| #define HAVE_SYS_SOCKET_H 1
| #define HAVE_UNISTD_H 1
| #define HAVE__BOOL 1
| #define HAVE_STDBOOL_H 1
| #define HAVE_STDLIB_H 1
| #define HAVE_MALLOC 1
| #define HAVE_DECL_STRERROR_R 1
| #define HAVE_STRERROR_R 1
| /* end confdefs.h.  */
| #include <stdio.h>
| #ifdef HAVE_SYS_TYPES_H
| # include <sys/types.h>
| #endif
| #ifdef HAVE_SYS_STAT_H
| # include <sys/stat.h>
| #endif
| #ifdef STDC_HEADERS
| # include <stdlib.h>
| # include <stddef.h>
| #else
| # ifdef HAVE_STDLIB_H
| #  include <stdlib.h>
| # endif
| #endif
| #ifdef HAVE_STRING_H
| # if !defined STDC_HEADERS && defined HAVE_MEMORY_H
| #  include <memory.h>
| # endif
| # include <string.h>
| #endif
| #ifdef HAVE_STRINGS_H
| # include <strings.h>
| #endif
| #ifdef HAVE_INTTYPES_H
| # include <inttypes.h>
| #endif
| #ifdef HAVE_STDINT_H
| # include <stdint.h>
| #endif
| #ifdef HAVE_UNISTD_H
| # include <unistd.h>
| #endif
| int
| main ()
| {
| 
| 	  char buf[100];
| 	  char x = *strerror_r (0, buf, sizeof buf);
| 	  char *p = strerror_r (0, buf, sizeof buf);
| 	  return !p || x;
| 
|   ;
|   return 0;
| }
configure:14828: result: no
configure:14839: checking for bzero
configure:14839: gcc -o conftest -g -O2     conftest.c  >&5
conftest.c:56:6: warning: conflicting types for built-in function 'bzero' [enabled by default]
 char bzero ();
      ^
configure:14839: $? = 0
configure:14839: result: yes
configure:14839: checking for gethostname
configure:14839: gcc -o conftest -g -O2     conftest.c  >&5
configure:14839: $? = 0
configure:14839: result: yes
configure:14839: checking for socket
configure:14839: gcc -o conftest -g -O2     conftest.c  >&5
configure:14839: $? = 0
configure:14839: result: yes
configure:14871: checking for --with-python
configure:14994: result: no
configure:15016: checking for python
configure:15034: found /usr/bin/python
configure:15046: result: /usr/bin/python
configure:15075: checking python module: os
configure:15080: result: yes
configure:15101: checking python module: sys
configure:15106: result: yes
configure:15124: checking whether build environment is sane
configure:15174: result: yes
configure:15315: checking for a thread-safe mkdir -p
configure:15354: result: /usr/bin/mkdir -p
configure:15363: checking whether make sets $(MAKE)
configure:15385: result: yes
configure:15415: checking for style of include used by make
configure:15443: result: GNU
configure:15529: checking dependency style of gcc
configure:15640: result: gcc3
configure:15657: checking dependency style of g++
configure:15768: result: gcc3
configure:15841: checking for nvcc
configure:15874: result: no
configure:15935: WARNING: CUDA compiler not found. Use --with-cuda-path or --with-cuda-path-bin or check your CUDA installation.
configure:16044: checking whether to build documentation for this library
configure:16053: result: no
configure:16396: checking if trace is enabled or not
configure:16412: result: no
configure:16415: checking if verbose is enabled or not
configure:16431: result: no
configure:16605: creating ./config.status

## ---------------------- ##
## Running config.status. ##
## ---------------------- ##

This file was extended by S_GPU config.status 1.0, which was
generated by GNU Autoconf 2.68.  Invocation command line was

  CONFIG_FILES    = 
  CONFIG_HEADERS  = 
  CONFIG_LINKS    = 
  CONFIG_COMMANDS = 
  $ ./config.status 

on hpc-login-26.rcc.fsu.edu

config.status:1195: creating Makefile
config.status:1195: creating src/Makefile
config.status:1195: creating src/CUDA/Makefile
config.status:1195: creating examples/Makefile
config.status:1195: creating examples/c/Makefile
config.status:1195: creating examples/c/simple/Makefile
config.status:1195: creating examples/c/add_array/Makefile
config.status:1195: creating examples/fortran/Makefile
config.status:1195: creating examples/fortran/add_array/Makefile
config.status:1195: creating examples/c/simple/Makefile.standalone
config.status:1195: creating examples/c/add_array/Makefile.standalone
config.status:1195: creating examples/fortran/add_array/Makefile.standalone
config.status:1195: creating config.h
config.status:1376: config.h is unchanged
config.status:1424: executing libtool commands
config.status:1424: executing depfiles commands

## ---------------- ##
## Cache variables. ##
## ---------------- ##

ac_cv_build=x86_64-unknown-linux-gnu
ac_cv_c_compiler_gnu=yes
ac_cv_c_inline=inline
ac_cv_cxx_compiler_gnu=yes
ac_cv_env_CCC_set=
ac_cv_env_CCC_value=
ac_cv_env_CC_set=set
ac_cv_env_CC_value=gcc
ac_cv_env_CFLAGS_set=set
ac_cv_env_CFLAGS_value='-g -O2'
ac_cv_env_CPPFLAGS_set=set
ac_cv_env_CPPFLAGS_value=' '
ac_cv_env_CPP_set=set
ac_cv_env_CPP_value='gcc -E'
ac_cv_env_CXXCPP_set=
ac_cv_env_CXXCPP_value=
ac_cv_env_CXXFLAGS_set=set
ac_cv_env_CXXFLAGS_value=
ac_cv_env_CXX_set=set
ac_cv_env_CXX_value=g++
ac_cv_env_DOXYGEN_set=
ac_cv_env_DOXYGEN_value=
ac_cv_env_DVIPS_set=
ac_cv_env_DVIPS_value=
ac_cv_env_LATEX_set=
ac_cv_env_LATEX_value=
ac_cv_env_LDFLAGS_set=set
ac_cv_env_LDFLAGS_value=' '
ac_cv_env_LIBS_set=set
ac_cv_env_LIBS_value=
ac_cv_env_NVCCFLAGS_set=
ac_cv_env_NVCCFLAGS_value=
ac_cv_env_NVCC_set=
ac_cv_env_NVCC_value=
ac_cv_env_PYTHON_set=
ac_cv_env_PYTHON_value=
ac_cv_env_build_alias_set=
ac_cv_env_build_alias_value=
ac_cv_env_host_alias_set=
ac_cv_env_host_alias_value=
ac_cv_env_target_alias_set=
ac_cv_env_target_alias_value=
ac_cv_func_bzero=yes
ac_cv_func_gethostname=yes
ac_cv_func_malloc_0_nonnull=yes
ac_cv_func_socket=yes
ac_cv_func_strerror_r=yes
ac_cv_func_strerror_r_char_p=no
ac_cv_have_decl_strerror_r=yes
ac_cv_header_dlfcn_h=yes
ac_cv_header_inttypes_h=yes
ac_cv_header_memory_h=yes
ac_cv_header_netdb_h=yes
ac_cv_header_netinet_in_h=yes
ac_cv_header_stdbool_h=yes
ac_cv_header_stdc=yes
ac_cv_header_stddef_h=yes
ac_cv_header_stdint_h=yes
ac_cv_header_stdlib_h=yes
ac_cv_header_string_h=yes
ac_cv_header_strings_h=yes
ac_cv_header_sys_socket_h=yes
ac_cv_header_sys_stat_h=yes
ac_cv_header_sys_types_h=yes
ac_cv_header_unistd_h=yes
ac_cv_host=x86_64-unknown-linux-gnu
ac_cv_objext=o
ac_cv_path_EGREP='/usr/bin/grep -E'
ac_cv_path_FGREP='/usr/bin/grep -F'
ac_cv_path_GREP=/usr/bin/grep
ac_cv_path_PYTHON=/usr/bin/python
ac_cv_path_SED=/usr/bin/sed
ac_cv_path_install='/usr/bin/install -c'
ac_cv_path_mkdir=/usr/bin/mkdir
ac_cv_prog_AWK=gawk
ac_cv_prog_CPP='gcc -E'
ac_cv_prog_CXXCPP='g++ -E'
ac_cv_prog_ac_ct_CC=gcc
ac_cv_prog_ac_ct_OBJDUMP=objdump
ac_cv_prog_ac_ct_RANLIB=ranlib
ac_cv_prog_ac_ct_STRIP=strip
ac_cv_prog_cc_c89=
ac_cv_prog_cc_g=yes
ac_cv_prog_cxx_g=yes
ac_cv_prog_make_make_set=yes
ac_cv_type__Bool=yes
ac_cv_type_size_t=yes
am_cv_CC_dependencies_compiler_type=gcc3
am_cv_CXX_dependencies_compiler_type=gcc3
lt_cv_ar_at_file=@
lt_cv_deplibs_check_method=pass_all
lt_cv_file_magic_cmd='$MAGIC_CMD'
lt_cv_file_magic_test_file=
lt_cv_ld_reload_flag=-r
lt_cv_nm_interface='BSD nm'
lt_cv_objdir=.libs
lt_cv_path_LD=/usr/bin/ld
lt_cv_path_LDCXX='/usr/bin/ld -m elf_x86_64'
lt_cv_path_NM='/usr/bin/nm -B'
lt_cv_path_mainfest_tool=no
lt_cv_prog_compiler_c_o=yes
lt_cv_prog_compiler_c_o_CXX=yes
lt_cv_prog_compiler_pic='-fPIC -DPIC'
lt_cv_prog_compiler_pic_CXX='-fPIC -DPIC'
lt_cv_prog_compiler_pic_works=yes
lt_cv_prog_compiler_pic_works_CXX=yes
lt_cv_prog_compiler_rtti_exceptions=no
lt_cv_prog_compiler_static_works=no
lt_cv_prog_compiler_static_works_CXX=no
lt_cv_prog_gnu_ld=yes
lt_cv_prog_gnu_ldcxx=yes
lt_cv_sharedlib_from_linklib_cmd='printf %s\n'
lt_cv_shlibpath_overrides_runpath=no
lt_cv_sys_global_symbol_pipe='sed -n -e '\''s/^.*[	 ]\([ABCDGIRSTW][ABCDGIRSTW]*\)[	 ][	 ]*\([_A-Za-z][_A-Za-z0-9]*\)$/\1 \2 \2/p'\'' | sed '\''/ __gnu_lto/d'\'''
lt_cv_sys_global_symbol_to_c_name_address='sed -n -e '\''s/^: \([^ ]*\)[ ]*$/  {\"\1\", (void *) 0},/p'\'' -e '\''s/^[ABCDGIRSTW]* \([^ ]*\) \([^ ]*\)$/  {"\2", (void *) \&\2},/p'\'''
lt_cv_sys_global_symbol_to_c_name_address_lib_prefix='sed -n -e '\''s/^: \([^ ]*\)[ ]*$/  {\"\1\", (void *) 0},/p'\'' -e '\''s/^[ABCDGIRSTW]* \([^ ]*\) \(lib[^ ]*\)$/  {"\2", (void *) \&\2},/p'\'' -e '\''s/^[ABCDGIRSTW]* \([^ ]*\) \([^ ]*\)$/  {"lib\2", (void *) \&\2},/p'\'''
lt_cv_sys_global_symbol_to_cdecl='sed -n -e '\''s/^T .* \(.*\)$/extern int \1();/p'\'' -e '\''s/^[ABCDGIRSTW]* .* \(.*\)$/extern char \1;/p'\'''
lt_cv_sys_max_cmd_len=3458764513820540925
lt_cv_to_host_file_cmd=func_convert_file_noop
lt_cv_to_tool_file_cmd=func_convert_file_noop

## ----------------- ##
## Output variables. ##
## ----------------- ##

ACLOCAL='${SHELL} /gpfs/home/chuang3/XCEP_codes/abinit-7.10.4_xcep_v1/fallbacks/sources/bigdft-1.7.0.93/S_GPU/missing --run aclocal-1.11'
AC_LDFLAGS_CUDA='-L/usr/local/cuda/lib'
AMDEPBACKSLASH='\'
AMDEP_FALSE='#'
AMDEP_TRUE=''
AMTAR='$${TAR-tar}'
AR='ar'
AUTOCONF='${SHELL} /gpfs/home/chuang3/XCEP_codes/abinit-7.10.4_xcep_v1/fallbacks/sources/bigdft-1.7.0.93/S_GPU/missing --run autoconf'
AUTOHEADER='${SHELL} /gpfs/home/chuang3/XCEP_codes/abinit-7.10.4_xcep_v1/fallbacks/sources/bigdft-1.7.0.93/S_GPU/missing --run autoheader'
AUTOMAKE='${SHELL} /gpfs/home/chuang3/XCEP_codes/abinit-7.10.4_xcep_v1/fallbacks/sources/bigdft-1.7.0.93/S_GPU/missing --run automake-1.11'
AWK='gawk'
BUILD_DOC_FALSE=''
BUILD_DOC_TRUE='#'
BUILD_EXAMPLES_FALSE=''
BUILD_EXAMPLES_TRUE='#'
CC='gcc'
CCDEPMODE='depmode=gcc3'
CFLAGS='-g -O2'
CPP='gcc -E'
CPPFLAGS=' '
CXX='g++'
CXXCPP='g++ -E'
CXXDEPMODE='depmode=gcc3'
CXXFLAGS=''
CYGPATH_W='echo'
DEFS='-DHAVE_CONFIG_H'
DEPDIR='.deps'
DLLTOOL='false'
DOXYGEN=''
DSYMUTIL=''
DUMPBIN=''
DVIPS=''
ECHO_C=''
ECHO_N='-n'
ECHO_T=''
EGREP='/usr/bin/grep -E'
EXEEXT=''
FGREP='/usr/bin/grep -F'
GREP='/usr/bin/grep'
INSTALL_DATA='${INSTALL} -m 644'
INSTALL_PROGRAM='${INSTALL}'
INSTALL_SCRIPT='${INSTALL}'
INSTALL_STRIP_PROGRAM='$(install_sh) -c -s'
LATEX=''
LD='/usr/bin/ld -m elf_x86_64'
LDFLAGS=' '
LIBOBJS=''
LIBS=''
LIBTOOL='$(SHELL) $(top_builddir)/libtool'
LIPO=''
LN_S='ln -s'
LTLIBOBJS=''
MAKEINDEX=''
MAKEINFO='${SHELL} /gpfs/home/chuang3/XCEP_codes/abinit-7.10.4_xcep_v1/fallbacks/sources/bigdft-1.7.0.93/S_GPU/missing --run makeinfo'
MANIFEST_TOOL=':'
MKDIR_P='/usr/bin/mkdir -p'
NM='/usr/bin/nm -B'
NMEDIT=''
NVCC=''
NVCCFLAGS='-g -O3 -DHAVE_CONFIG_H -I. -I.. -arch sm_13 '
OBJDUMP='objdump'
OBJEXT='o'
OTOOL64=''
OTOOL=''
PACKAGE='s_gpu'
PACKAGE_BUGREPORT='jerome.reybert@imag.fr'
PACKAGE_NAME='S_GPU'
PACKAGE_STRING='S_GPU 1.0'
PACKAGE_TARNAME='s_gpu'
PACKAGE_URL=''
PACKAGE_VERSION='1.0'
PATH_SEPARATOR=':'
PDFLATEX=''
PS2PDF=''
PYTHON='/usr/bin/python'
PYTHON_EXECPREFIX=''
PYTHON_PREFIX=''
PYTHON_USE_FALSE='#'
PYTHON_USE_TRUE=''
RANLIB='ranlib'
SED='/usr/bin/sed'
SET_MAKE=''
SHELL='/bin/sh'
STRIP='strip'
VERSION='1.0'
ac_ct_AR=''
ac_ct_CC='gcc'
ac_ct_CXX=''
ac_ct_DUMPBIN=''
am__EXEEXT_FALSE=''
am__EXEEXT_TRUE='#'
am__fastdepCC_FALSE='#'
am__fastdepCC_TRUE=''
am__fastdepCXX_FALSE='#'
am__fastdepCXX_TRUE=''
am__include='include'
am__isrc=''
am__leading_dot='.'
am__nodep='_no'
am__quote=''
am__tar='$${TAR-tar} chof - "$$tardir"'
am__untar='$${TAR-tar} xf -'
bindir='/gpfs/home/chuang3/XCEP_codes/abinit-7.10.4_xcep_v1/fallbacks/exports/bin'
build='x86_64-unknown-linux-gnu'
build_alias=''
build_cpu='x86_64'
build_os='linux-gnu'
build_vendor='unknown'
datadir='${datarootdir}'
datarootdir='${prefix}/share'
docdir='${datarootdir}/doc/${PACKAGE_TARNAME}'
dvidir='${docdir}'
exec_prefix='${prefix}'
host='x86_64-unknown-linux-gnu'
host_alias=''
host_cpu='x86_64'
host_os='linux-gnu'
host_vendor='unknown'
htmldir='${docdir}'
includedir='${prefix}/include'
infodir='${datarootdir}/info'
install_sh='${SHELL} /gpfs/home/chuang3/XCEP_codes/abinit-7.10.4_xcep_v1/fallbacks/sources/bigdft-1.7.0.93/S_GPU/install-sh'
libdir='/gpfs/home/chuang3/XCEP_codes/abinit-7.10.4_xcep_v1/fallbacks/exports/lib'
libexecdir='${exec_prefix}/libexec'
localedir='${datarootdir}/locale'
localstatedir='${prefix}/var'
mandir='${datarootdir}/man'
mkdir_p='/usr/bin/mkdir -p'
oldincludedir='/usr/include'
pdfdir='${docdir}'
prefix='/gpfs/home/chuang3/XCEP_codes/abinit-7.10.4_xcep_v1/fallbacks/exports'
program_transform_name='s&$$&-abinit&'
psdir='${docdir}'
sbindir='${exec_prefix}/sbin'
sharedstatedir='${prefix}/com'
sysconfdir='${prefix}/etc'
target_alias=''

## ----------- ##
## confdefs.h. ##
## ----------- ##

/* confdefs.h */
#define PACKAGE_NAME "S_GPU"
#define PACKAGE_TARNAME "s_gpu"
#define PACKAGE_VERSION "1.0"
#define PACKAGE_STRING "S_GPU 1.0"
#define PACKAGE_BUGREPORT "jerome.reybert@imag.fr"
#define PACKAGE_URL ""
#define STDC_HEADERS 1
#define HAVE_SYS_TYPES_H 1
#define HAVE_SYS_STAT_H 1
#define HAVE_STDLIB_H 1
#define HAVE_STRING_H 1
#define HAVE_MEMORY_H 1
#define HAVE_STRINGS_H 1
#define HAVE_INTTYPES_H 1
#define HAVE_STDINT_H 1
#define HAVE_UNISTD_H 1
#define HAVE_DLFCN_H 1
#define LT_OBJDIR ".libs/"
#define HAVE_NETDB_H 1
#define HAVE_NETINET_IN_H 1
#define HAVE_STDDEF_H 1
#define HAVE_STDLIB_H 1
#define HAVE_SYS_SOCKET_H 1
#define HAVE_UNISTD_H 1
#define HAVE__BOOL 1
#define HAVE_STDBOOL_H 1
#define HAVE_STDLIB_H 1
#define HAVE_MALLOC 1
#define HAVE_DECL_STRERROR_R 1
#define HAVE_STRERROR_R 1
#define HAVE_BZERO 1
#define HAVE_GETHOSTNAME 1
#define HAVE_SOCKET 1
#define PACKAGE "s_gpu"
#define VERSION "1.0"

configure: exit 0
