This file contains any messages produced by compilers while
running configure, to aid debugging if configure makes a mistake.

It was created by BigDFT - DFT over wavelets configure 1.7.0.93, which was
generated by GNU Autoconf 2.68.  Invocation command line was

  $ ./configure --prefix=/gpfs/home/chuang3/XCEP_codes/abinit-7.10.4_xcep_v2pbc/fallbacks/exports --bindir=/gpfs/home/chuang3/XCEP_codes/abinit-7.10.4_xcep_v2pbc/fallbacks/exports/bin --libdir=/gpfs/home/chuang3/XCEP_codes/abinit-7.10.4_xcep_v2pbc/fallbacks/exports/lib --program-suffix=-abinit --disable-binaries --disable-bindings --enable-libbigdft --without-archives --with-moduledir=/gpfs/home/chuang3/XCEP_codes/abinit-7.10.4_xcep_v2pbc/fallbacks/exports/include --enable-internal-libyaml --disable-shared --disable-internal-libxc --with-libxc-incs=-I/gpfs/home/chuang3/XCEP_codes/abinit-7.10.4_xcep_v2pbc/fallbacks/exports/include --with-libxc-libs=-L/gpfs/home/chuang3/XCEP_codes/abinit-7.10.4_xcep_v2pbc/fallbacks/exports/lib -lxc

## --------- ##
## Platform. ##
## --------- ##

hostname = hpc-login-vm3.rcc.fsu.edu
uname -m = x86_64
uname -r = 3.10.0-693.21.1.el7.x86_64
uname -s = Linux
uname -v = #1 SMP Wed Mar 7 19:03:37 UTC 2018

/usr/bin/uname -p = x86_64
/bin/uname -X     = unknown

/bin/arch              = x86_64
/usr/bin/arch -k       = unknown
/usr/convex/getsysinfo = unknown
/usr/bin/hostinfo      = unknown
/bin/machine           = unknown
/usr/bin/oslevel       = unknown
/bin/universe          = unknown

PATH: /gpfs/home/chuang3/codes/gpaw-0.11.0.13004/build/bin.linux-x86_64-2.7
PATH: /gpfs/home/chuang3/codes/gpaw-0.11.0.13004/tools
PATH: /gpfs/home/chuang3/ase/tools
PATH: /gpfs/home/chuang3/.local/bin
PATH: /gpfs/home/chuang3/bin
PATH: /gpfs/research/software/nbo/nbo6/bin/
PATH: /gpfs/research/software/gaussian09/intel/g09.01/bsd
PATH: /gpfs/research/software/gaussian09/intel/g09.01/local
PATH: /gpfs/research/software/gaussian09/intel/g09.01/extras
PATH: /gpfs/research/software/gaussian09/intel/g09.01
PATH: /gpfs/research/software/gv
PATH: /gpfs/research/software/matlab/r2018b/bin
PATH: /gpfs/research/software/hpc/gnu/openmpi-3.1.0/bin
PATH: /opt/hpc/gnu/openmpi-3.1.0/bin
PATH: /gpfs/research/software/hpc/gnu/bin
PATH: /opt/hpc/gnu/bin
PATH: /usr/local/bin
PATH: /usr/bin
PATH: /usr/local/sbin
PATH: /usr/sbin
PATH: /opt/puppetlabs/bin
PATH: /gpfs/home/chuang3/vtstscripts-937/
PATH: /gpfs/home/chuang3/bin


## ----------- ##
## Core tests. ##
## ----------- ##

configure:2708: checking for a BSD-compatible install
configure:2776: result: /usr/bin/install -c
configure:2787: checking whether build environment is sane
configure:2837: result: yes
configure:2978: checking for a thread-safe mkdir -p
configure:3017: result: /usr/bin/mkdir -p
configure:3030: checking for gawk
configure:3046: found /usr/bin/gawk
configure:3057: result: gawk
configure:3068: checking whether make sets $(MAKE)
configure:3090: result: yes
configure:3181: checking for a sed that does not truncate output
configure:3245: result: /usr/bin/sed
configure:3299: checking for gcc
configure:3326: result: gcc
configure:3555: checking for C compiler version
configure:3564: gcc --version >&5
gcc (GCC) 4.8.5 20150623 (Red Hat 4.8.5-16)
Copyright (C) 2015 Free Software Foundation, Inc.
This is free software; see the source for copying conditions.  There is NO
warranty; not even for MERCHANTABILITY or FITNESS FOR A PARTICULAR PURPOSE.

configure:3575: $? = 0
configure:3564: gcc -v >&5
Using built-in specs.
COLLECT_GCC=gcc
COLLECT_LTO_WRAPPER=/usr/libexec/gcc/x86_64-redhat-linux/4.8.5/lto-wrapper
Target: x86_64-redhat-linux
Configured with: ../configure --prefix=/usr --mandir=/usr/share/man --infodir=/usr/share/info --with-bugurl=http://bugzilla.redhat.com/bugzilla --enable-bootstrap --enable-shared --enable-threads=posix --enable-checking=release --with-system-zlib --enable-__cxa_atexit --disable-libunwind-exceptions --enable-gnu-unique-object --enable-linker-build-id --with-linker-hash-style=gnu --enable-languages=c,c++,objc,obj-c++,java,fortran,ada,go,lto --enable-plugin --enable-initfini-array --disable-libgcj --with-isl=/builddir/build/BUILD/gcc-4.8.5-20150702/obj-x86_64-redhat-linux/isl-install --with-cloog=/builddir/build/BUILD/gcc-4.8.5-20150702/obj-x86_64-redhat-linux/cloog-install --enable-gnu-indirect-function --with-tune=generic --with-arch_32=x86-64 --build=x86_64-redhat-linux
Thread model: posix
gcc version 4.8.5 20150623 (Red Hat 4.8.5-16) (GCC) 
configure:3575: $? = 0
configure:3564: gcc -V >&5
gcc: error: unrecognized command line option '-V'
gcc: fatal error: no input files
compilation terminated.
configure:3575: $? = 4
configure:3564: gcc -qversion >&5
gcc: error: unrecognized command line option '-qversion'
gcc: fatal error: no input files
compilation terminated.
configure:3575: $? = 4
configure:3595: checking whether the C compiler works
configure:3617: gcc -g -O2     conftest.c  >&5
configure:3621: $? = 0
configure:3669: result: yes
configure:3672: checking for C compiler default output file name
configure:3674: result: a.out
configure:3680: checking for suffix of executables
configure:3687: gcc -o conftest -g -O2     conftest.c  >&5
configure:3691: $? = 0
configure:3713: result: 
configure:3735: checking whether we are cross compiling
configure:3743: gcc -o conftest -g -O2     conftest.c  >&5
configure:3747: $? = 0
configure:3754: ./conftest
configure:3758: $? = 0
configure:3773: result: no
configure:3778: checking for suffix of object files
configure:3800: gcc -c -g -O2   conftest.c >&5
configure:3804: $? = 0
configure:3825: result: o
configure:3829: checking whether we are using the GNU C compiler
configure:3848: gcc -c -g -O2   conftest.c >&5
configure:3848: $? = 0
configure:3857: result: yes
configure:3866: checking whether gcc accepts -g
configure:3886: gcc -c -g   conftest.c >&5
configure:3886: $? = 0
configure:3927: result: yes
configure:3944: checking for gcc option to accept ISO C89
configure:4008: gcc  -c -g -O2   conftest.c >&5
configure:4008: $? = 0
configure:4021: result: none needed
configure:4052: checking for style of include used by make
configure:4080: result: GNU
configure:4106: checking dependency style of gcc
configure:4217: result: gcc3
configure:4344: checking for C++ compiler version
configure:4353: g++ --version >&5
g++ (GCC) 4.8.5 20150623 (Red Hat 4.8.5-16)
Copyright (C) 2015 Free Software Foundation, Inc.
This is free software; see the source for copying conditions.  There is NO
warranty; not even for MERCHANTABILITY or FITNESS FOR A PARTICULAR PURPOSE.

configure:4364: $? = 0
configure:4353: g++ -v >&5
Using built-in specs.
COLLECT_GCC=g++
COLLECT_LTO_WRAPPER=/usr/libexec/gcc/x86_64-redhat-linux/4.8.5/lto-wrapper
Target: x86_64-redhat-linux
Configured with: ../configure --prefix=/usr --mandir=/usr/share/man --infodir=/usr/share/info --with-bugurl=http://bugzilla.redhat.com/bugzilla --enable-bootstrap --enable-shared --enable-threads=posix --enable-checking=release --with-system-zlib --enable-__cxa_atexit --disable-libunwind-exceptions --enable-gnu-unique-object --enable-linker-build-id --with-linker-hash-style=gnu --enable-languages=c,c++,objc,obj-c++,java,fortran,ada,go,lto --enable-plugin --enable-initfini-array --disable-libgcj --with-isl=/builddir/build/BUILD/gcc-4.8.5-20150702/obj-x86_64-redhat-linux/isl-install --with-cloog=/builddir/build/BUILD/gcc-4.8.5-20150702/obj-x86_64-redhat-linux/cloog-install --enable-gnu-indirect-function --with-tune=generic --with-arch_32=x86-64 --build=x86_64-redhat-linux
Thread model: posix
gcc version 4.8.5 20150623 (Red Hat 4.8.5-16) (GCC) 
configure:4364: $? = 0
configure:4353: g++ -V >&5
g++: error: unrecognized command line option '-V'
g++: fatal error: no input files
compilation terminated.
configure:4364: $? = 4
configure:4353: g++ -qversion >&5
g++: error: unrecognized command line option '-qversion'
g++: fatal error: no input files
compilation terminated.
configure:4364: $? = 4
configure:4368: checking whether we are using the GNU C++ compiler
configure:4387: g++ -c    conftest.cpp >&5
configure:4387: $? = 0
configure:4396: result: yes
configure:4405: checking whether g++ accepts -g
configure:4425: g++ -c -g   conftest.cpp >&5
configure:4425: $? = 0
configure:4466: result: yes
configure:4491: checking dependency style of g++
configure:4602: result: gcc3
configure:4618: checking whether gcc and cc understand -c and -o together
configure:4649: gcc -c conftest.c -o conftest2.o >&5
configure:4653: $? = 0
configure:4659: gcc -c conftest.c -o conftest2.o >&5
configure:4663: $? = 0
configure:4674: cc -c conftest.c >&5
configure:4678: $? = 0
configure:4686: cc -c conftest.c -o conftest2.o >&5
configure:4690: $? = 0
configure:4696: cc -c conftest.c -o conftest2.o >&5
configure:4700: $? = 0
configure:4718: result: yes
configure:4850: checking for Fortran compiler version
configure:4859: gfortran --version >&5
GNU Fortran (GCC) 4.8.5 20150623 (Red Hat 4.8.5-16)
Copyright (C) 2015 Free Software Foundation, Inc.

GNU Fortran comes with NO WARRANTY, to the extent permitted by law.
You may redistribute copies of GNU Fortran
under the terms of the GNU General Public License.
For more information about these matters, see the file named COPYING

configure:4870: $? = 0
configure:4859: gfortran -v >&5
Using built-in specs.
COLLECT_GCC=gfortran
COLLECT_LTO_WRAPPER=/usr/libexec/gcc/x86_64-redhat-linux/4.8.5/lto-wrapper
Target: x86_64-redhat-linux
Configured with: ../configure --prefix=/usr --mandir=/usr/share/man --infodir=/usr/share/info --with-bugurl=http://bugzilla.redhat.com/bugzilla --enable-bootstrap --enable-shared --enable-threads=posix --enable-checking=release --with-system-zlib --enable-__cxa_atexit --disable-libunwind-exceptions --enable-gnu-unique-object --enable-linker-build-id --with-linker-hash-style=gnu --enable-languages=c,c++,objc,obj-c++,java,fortran,ada,go,lto --enable-plugin --enable-initfini-array --disable-libgcj --with-isl=/builddir/build/BUILD/gcc-4.8.5-20150702/obj-x86_64-redhat-linux/isl-install --with-cloog=/builddir/build/BUILD/gcc-4.8.5-20150702/obj-x86_64-redhat-linux/cloog-install --enable-gnu-indirect-function --with-tune=generic --with-arch_32=x86-64 --build=x86_64-redhat-linux
Thread model: posix
gcc version 4.8.5 20150623 (Red Hat 4.8.5-16) (GCC) 
configure:4870: $? = 0
configure:4859: gfortran -V >&5
gfortran: error: unrecognized command line option '-V'
gfortran: fatal error: no input files
compilation terminated.
configure:4870: $? = 4
configure:4859: gfortran -qversion >&5
gfortran: error: unrecognized command line option '-qversion'
gfortran: fatal error: no input files
compilation terminated.
configure:4870: $? = 4
configure:4879: checking whether we are using the GNU Fortran compiler
configure:4892: gfortran -c -ffree-form -g -ffree-line-length-none   -O2 -mtune=native -march=native -g -O2   conftest.F >&5
configure:4892: $? = 0
configure:4901: result: yes
configure:4907: checking whether gfortran accepts -g
configure:4918: gfortran -c -g  conftest.F90 >&5
configure:4918: $? = 0
configure:4926: result: yes
configure:5058: checking for Fortran 77 compiler version
configure:5067: gfortran --version >&5
GNU Fortran (GCC) 4.8.5 20150623 (Red Hat 4.8.5-16)
Copyright (C) 2015 Free Software Foundation, Inc.

GNU Fortran comes with NO WARRANTY, to the extent permitted by law.
You may redistribute copies of GNU Fortran
under the terms of the GNU General Public License.
For more information about these matters, see the file named COPYING

configure:5078: $? = 0
configure:5067: gfortran -v >&5
Using built-in specs.
COLLECT_GCC=gfortran
COLLECT_LTO_WRAPPER=/usr/libexec/gcc/x86_64-redhat-linux/4.8.5/lto-wrapper
Target: x86_64-redhat-linux
Configured with: ../configure --prefix=/usr --mandir=/usr/share/man --infodir=/usr/share/info --with-bugurl=http://bugzilla.redhat.com/bugzilla --enable-bootstrap --enable-shared --enable-threads=posix --enable-checking=release --with-system-zlib --enable-__cxa_atexit --disable-libunwind-exceptions --enable-gnu-unique-object --enable-linker-build-id --with-linker-hash-style=gnu --enable-languages=c,c++,objc,obj-c++,java,fortran,ada,go,lto --enable-plugin --enable-initfini-array --disable-libgcj --with-isl=/builddir/build/BUILD/gcc-4.8.5-20150702/obj-x86_64-redhat-linux/isl-install --with-cloog=/builddir/build/BUILD/gcc-4.8.5-20150702/obj-x86_64-redhat-linux/cloog-install --enable-gnu-indirect-function --with-tune=generic --with-arch_32=x86-64 --build=x86_64-redhat-linux
Thread model: posix
gcc version 4.8.5 20150623 (Red Hat 4.8.5-16) (GCC) 
configure:5078: $? = 0
configure:5067: gfortran -V >&5
gfortran: error: unrecognized command line option '-V'
gfortran: fatal error: no input files
compilation terminated.
configure:5078: $? = 4
configure:5067: gfortran -qversion >&5
gfortran: error: unrecognized command line option '-qversion'
gfortran: fatal error: no input files
compilation terminated.
configure:5078: $? = 4
configure:5087: checking whether we are using the GNU Fortran 77 compiler
configure:5100: gfortran -c -ffixed-form -g -ffree-line-length-none   -O2 -mtune=native -march=native -g -O2  conftest.F >&5
configure:5100: $? = 0
configure:5109: result: yes
configure:5115: checking whether gfortran accepts -g
configure:5126: gfortran -c -g conftest.f >&5
configure:5126: $? = 0
configure:5134: result: yes
configure:5174: checking for Fortran flag to compile .f90 files
configure:5190: gfortran -c -ffree-form -g -ffree-line-length-none   -O2 -mtune=native -march=native -g -O2   conftest.f90 >&5
configure:5190: $? = 0
configure:5199: result: none
configure:5225: checking how to get verbose linking output from gfortran
configure:5235: gfortran -c -ffree-form -g -ffree-line-length-none   -O2 -mtune=native -march=native -g -O2   conftest.f90 >&5
configure:5235: $? = 0
configure:5253: gfortran -o conftest -ffree-form -g -ffree-line-length-none -O2 -mtune=native -march=native -g -O2 -v conftest.f90
Using built-in specs.
Target: x86_64-redhat-linux
Thread model: posix
gcc version 4.8.5 20150623 (Red Hat 4.8.5-16) (GCC) 
 /usr/libexec/gcc/x86_64-redhat-linux/4.8.5/f951 conftest.f90 -march=corei7-avx -mcx16 -msahf -mno-movbe -maes -mpclmul -mpopcnt -mno-abm -mno-lwp -mno-fma -mno-fma4 -mno-xop -mno-bmi -mno-bmi2 -mno-tbm -mavx -mno-avx2 -msse4.2 -msse4.1 -mno-lzcnt -mno-rtm -mno-hle -mno-rdrnd -mno-f16c -mno-fsgsbase -mno-rdseed -mno-prfchw -mno-adx -mfxsr -mxsave -mxsaveopt -mno-pku --param l1-cache-size=32 --param l1-cache-line-size=64 --param l2-cache-size=4096 -mtune=corei7-avx -quiet -dumpbase conftest.f90 -auxbase conftest -g -g -O2 -O2 -version -ffree-form -ffree-line-length-none -fintrinsic-modules-path /usr/lib/gcc/x86_64-redhat-linux/4.8.5/finclude -o /tmp/cc89WTul.s
GNU Fortran (GCC) version 4.8.5 20150623 (Red Hat 4.8.5-16) (x86_64-redhat-linux)
	compiled by GNU C version 4.8.5 20150623 (Red Hat 4.8.5-16), GMP version 6.0.0, MPFR version 3.1.1, MPC version 1.0.1
GGC heuristics: --param ggc-min-expand=100 --param ggc-min-heapsize=131072
GNU Fortran (GCC) version 4.8.5 20150623 (Red Hat 4.8.5-16) (x86_64-redhat-linux)
	compiled by GNU C version 4.8.5 20150623 (Red Hat 4.8.5-16), GMP version 6.0.0, MPFR version 3.1.1, MPC version 1.0.1
GGC heuristics: --param ggc-min-expand=100 --param ggc-min-heapsize=131072
 as -v --64 -o /tmp/cc8QBSEs.o /tmp/cc89WTul.s
GNU assembler version 2.25.1 (x86_64-redhat-linux) using BFD version version 2.25.1-32.base.el7_4.2 
Reading specs from /usr/lib/gcc/x86_64-redhat-linux/4.8.5/libgfortran.spec
rename spec lib to liborig
 /usr/libexec/gcc/x86_64-redhat-linux/4.8.5/collect2 --build-id --no-add-needed --eh-frame-hdr --hash-style=gnu -m elf_x86_64 -dynamic-linker /lib64/ld-linux-x86-64.so.2 -o conftest /usr/lib/gcc/x86_64-redhat-linux/4.8.5/../../../../lib64/crt1.o /usr/lib/gcc/x86_64-redhat-linux/4.8.5/../../../../lib64/crti.o /usr/lib/gcc/x86_64-redhat-linux/4.8.5/crtbegin.o -L/usr/lib/gcc/x86_64-redhat-linux/4.8.5 -L/usr/lib/gcc/x86_64-redhat-linux/4.8.5/../../../../lib64 -L/lib/../lib64 -L/usr/lib/../lib64 -L. -L/usr/lib/gcc/x86_64-redhat-linux/4.8.5/../../.. /tmp/cc8QBSEs.o -lgfortran -lm -lgcc_s -lgcc -lquadmath -lm -lgcc_s -lgcc -lc -lgcc_s -lgcc /usr/lib/gcc/x86_64-redhat-linux/4.8.5/crtend.o /usr/lib/gcc/x86_64-redhat-linux/4.8.5/../../../../lib64/crtn.o
configure:5319: result: -v
configure:5321: checking for Fortran libraries of gfortran
configure:5344: gfortran -o conftest -ffree-form -g -ffree-line-length-none -O2 -mtune=native -march=native -g -O2 -v conftest.f90
Using built-in specs.
Target: x86_64-redhat-linux
Thread model: posix
gcc version 4.8.5 20150623 (Red Hat 4.8.5-16) (GCC) 
 /usr/libexec/gcc/x86_64-redhat-linux/4.8.5/f951 conftest.f90 -march=corei7-avx -mcx16 -msahf -mno-movbe -maes -mpclmul -mpopcnt -mno-abm -mno-lwp -mno-fma -mno-fma4 -mno-xop -mno-bmi -mno-bmi2 -mno-tbm -mavx -mno-avx2 -msse4.2 -msse4.1 -mno-lzcnt -mno-rtm -mno-hle -mno-rdrnd -mno-f16c -mno-fsgsbase -mno-rdseed -mno-prfchw -mno-adx -mfxsr -mxsave -mxsaveopt -mno-pku --param l1-cache-size=32 --param l1-cache-line-size=64 --param l2-cache-size=4096 -mtune=corei7-avx -quiet -dumpbase conftest.f90 -auxbase conftest -g -g -O2 -O2 -version -ffree-form -ffree-line-length-none -fintrinsic-modules-path /usr/lib/gcc/x86_64-redhat-linux/4.8.5/finclude -o /tmp/ccIx861r.s
GNU Fortran (GCC) version 4.8.5 20150623 (Red Hat 4.8.5-16) (x86_64-redhat-linux)
	compiled by GNU C version 4.8.5 20150623 (Red Hat 4.8.5-16), GMP version 6.0.0, MPFR version 3.1.1, MPC version 1.0.1
GGC heuristics: --param ggc-min-expand=100 --param ggc-min-heapsize=131072
GNU Fortran (GCC) version 4.8.5 20150623 (Red Hat 4.8.5-16) (x86_64-redhat-linux)
	compiled by GNU C version 4.8.5 20150623 (Red Hat 4.8.5-16), GMP version 6.0.0, MPFR version 3.1.1, MPC version 1.0.1
GGC heuristics: --param ggc-min-expand=100 --param ggc-min-heapsize=131072
 as -v --64 -o /tmp/ccfpyptz.o /tmp/ccIx861r.s
GNU assembler version 2.25.1 (x86_64-redhat-linux) using BFD version version 2.25.1-32.base.el7_4.2 
Reading specs from /usr/lib/gcc/x86_64-redhat-linux/4.8.5/libgfortran.spec
rename spec lib to liborig
 /usr/libexec/gcc/x86_64-redhat-linux/4.8.5/collect2 --build-id --no-add-needed --eh-frame-hdr --hash-style=gnu -m elf_x86_64 -dynamic-linker /lib64/ld-linux-x86-64.so.2 -o conftest /usr/lib/gcc/x86_64-redhat-linux/4.8.5/../../../../lib64/crt1.o /usr/lib/gcc/x86_64-redhat-linux/4.8.5/../../../../lib64/crti.o /usr/lib/gcc/x86_64-redhat-linux/4.8.5/crtbegin.o -L/usr/lib/gcc/x86_64-redhat-linux/4.8.5 -L/usr/lib/gcc/x86_64-redhat-linux/4.8.5/../../../../lib64 -L/lib/../lib64 -L/usr/lib/../lib64 -L. -L/usr/lib/gcc/x86_64-redhat-linux/4.8.5/../../.. /tmp/ccfpyptz.o -lgfortran -lm -lgcc_s -lgcc -lquadmath -lm -lgcc_s -lgcc -lc -lgcc_s -lgcc /usr/lib/gcc/x86_64-redhat-linux/4.8.5/crtend.o /usr/lib/gcc/x86_64-redhat-linux/4.8.5/../../../../lib64/crtn.o
configure:5519: result:  -L/usr/lib/gcc/x86_64-redhat-linux/4.8.5 -L/usr/lib/gcc/x86_64-redhat-linux/4.8.5/../../../../lib64 -L/lib/../lib64 -L/usr/lib/../lib64 -L. -L/usr/lib/gcc/x86_64-redhat-linux/4.8.5/../../.. -lgfortran -lm -lquadmath
configure:5535: checking for dummy main to link with Fortran libraries
configure:5569: gcc -o conftest -g -O2     conftest.c   -L/usr/lib/gcc/x86_64-redhat-linux/4.8.5 -L/usr/lib/gcc/x86_64-redhat-linux/4.8.5/../../../../lib64 -L/lib/../lib64 -L/usr/lib/../lib64 -L. -L/usr/lib/gcc/x86_64-redhat-linux/4.8.5/../../.. -lgfortran -lm -lquadmath >&5
configure:5569: $? = 0
configure:5614: result: none
configure:5646: checking for Fortran name-mangling scheme
configure:5659: gfortran -c -ffree-form -g -ffree-line-length-none   -O2 -mtune=native -march=native -g -O2   conftest.f90 >&5
configure:5659: $? = 0
configure:5700: gcc -o conftest -g -O2     conftest.c cfortran_test.o   -L/usr/lib/gcc/x86_64-redhat-linux/4.8.5 -L/usr/lib/gcc/x86_64-redhat-linux/4.8.5/../../../../lib64 -L/lib/../lib64 -L/usr/lib/../lib64 -L. -L/usr/lib/gcc/x86_64-redhat-linux/4.8.5/../../.. -lgfortran -lm -lquadmath >&5
/tmp/ccmAoINQ.o: In function `main':
/gpfs/home/chuang3/XCEP_codes/abinit-7.10.4_xcep_v2pbc/fallbacks/sources/bigdft-1.7.0.93/conftest.c:30: undefined reference to `foobar'
collect2: error: ld returned 1 exit status
configure:5700: $? = 1
configure: failed program was:
| /* confdefs.h */
| #define PACKAGE_NAME "BigDFT - DFT over wavelets"
| #define PACKAGE_TARNAME "bigdft"
| #define PACKAGE_VERSION "1.7.0.93"
| #define PACKAGE_STRING "BigDFT - DFT over wavelets 1.7.0.93"
| #define PACKAGE_BUGREPORT "Damien.Caliste@cea.fr"
| #define PACKAGE_URL ""
| #define PACKAGE "bigdft"
| #define VERSION "1.7.0.93"
| /* end confdefs.h.  */
| 
| /* Override any GCC internal prototype to avoid an error.
|    Use char because int might match the return type of a GCC
|    builtin and then its argument prototype would still apply.  */
| #ifdef __cplusplus
| extern "C"
| #endif
| char foobar ();
| #ifdef FC_DUMMY_MAIN
| #ifndef FC_DUMMY_MAIN_EQ_F77
| #  ifdef __cplusplus
|      extern "C"
| #  endif
|    int FC_DUMMY_MAIN() { return 1; }
| #endif
| #endif
| int
| main ()
| {
| return foobar ();
|   ;
|   return 0;
| }
configure:5700: gcc -o conftest -g -O2     conftest.c cfortran_test.o   -L/usr/lib/gcc/x86_64-redhat-linux/4.8.5 -L/usr/lib/gcc/x86_64-redhat-linux/4.8.5/../../../../lib64 -L/lib/../lib64 -L/usr/lib/../lib64 -L. -L/usr/lib/gcc/x86_64-redhat-linux/4.8.5/../../.. -lgfortran -lm -lquadmath >&5
configure:5700: $? = 0
configure:5758: gcc -o conftest -g -O2     conftest.c cfortran_test.o   -L/usr/lib/gcc/x86_64-redhat-linux/4.8.5 -L/usr/lib/gcc/x86_64-redhat-linux/4.8.5/../../../../lib64 -L/lib/../lib64 -L/usr/lib/../lib64 -L. -L/usr/lib/gcc/x86_64-redhat-linux/4.8.5/../../.. -lgfortran -lm -lquadmath >&5
configure:5758: $? = 0
configure:5800: result: lower case, underscore, no extra underscore
configure:5865: checking for flush(6) in Fortran.
configure:5887: gfortran -ffree-form -g -ffree-line-length-none   -O2 -mtune=native -march=native -g -O2    -o flushtest.x flushtest.f90 1>&5
configure:5890: $? = 0
configure:5947: result: yes
configure:5951: checking for preprocessor option flag.
configure:5976: gfortran -DTEST_FLAG -ffree-form -g -ffree-line-length-none   -O2 -mtune=native -march=native -g -O2  -c defstest.F90 1>&5
configure:5979: $? = 0
configure:6006: result: -D
configure:6017: checking for get_command_argument() in Fortran.
configure:6029: gfortran -c -ffree-form -g -ffree-line-length-none   -O2 -mtune=native -march=native -g -O2   conftest.f90 >&5
configure:6029: $? = 0
configure:6048: result: yes
configure:6059: checking for module output in Fortran
configure:6077: gfortran -c -ffree-form -g -ffree-line-length-none   -O2 -mtune=native -march=native -g -O2   conftest.f90 >&5
configure:6077: $? = 0
configure:6119: result: module.mod
configure:6188: checking for ranlib
configure:6215: result: ranlib
configure:6283: checking for ar
configure:6310: result: ar
configure:6385: checking for pkg-config
configure:6403: found /usr/bin/pkg-config
configure:6415: result: /usr/bin/pkg-config
configure:6440: checking pkg-config is at least version 0.9.0
configure:6443: result: yes
configure:6490: checking for 1D pointer structure in Fortran
configure:6503: gfortran -ffree-form -g -ffree-line-length-none   -O2 -mtune=native -march=native -g -O2  -c pttest.f90 1>&5
configure:6506: $? = 0
configure:6606: gcc -o conftest -g -O2     conftest.c pttest.o   -L/usr/lib/gcc/x86_64-redhat-linux/4.8.5 -L/usr/lib/gcc/x86_64-redhat-linux/4.8.5/../../../../lib64 -L/lib/../lib64 -L/usr/lib/../lib64 -L. -L/usr/lib/gcc/x86_64-redhat-linux/4.8.5/../../.. -lgfortran -lm -lquadmath >&5
configure:6606: $? = 0
configure:6606: ./conftest
configure:6606: $? = 0
configure:6490: checking for 2D pointer structure in Fortran
configure:6503: gfortran -ffree-form -g -ffree-line-length-none   -O2 -mtune=native -march=native -g -O2  -c pttest.f90 1>&5
configure:6506: $? = 0
configure:6606: gcc -o conftest -g -O2     conftest.c pttest.o   -L/usr/lib/gcc/x86_64-redhat-linux/4.8.5 -L/usr/lib/gcc/x86_64-redhat-linux/4.8.5/../../../../lib64 -L/lib/../lib64 -L/usr/lib/../lib64 -L. -L/usr/lib/gcc/x86_64-redhat-linux/4.8.5/../../.. -lgfortran -lm -lquadmath >&5
configure:6606: $? = 0
configure:6606: ./conftest
configure:6606: $? = 0
configure:6490: checking for 3D pointer structure in Fortran
configure:6503: gfortran -ffree-form -g -ffree-line-length-none   -O2 -mtune=native -march=native -g -O2  -c pttest.f90 1>&5
configure:6506: $? = 0
configure:6606: gcc -o conftest -g -O2     conftest.c pttest.o   -L/usr/lib/gcc/x86_64-redhat-linux/4.8.5 -L/usr/lib/gcc/x86_64-redhat-linux/4.8.5/../../../../lib64 -L/lib/../lib64 -L/usr/lib/../lib64 -L. -L/usr/lib/gcc/x86_64-redhat-linux/4.8.5/../../.. -lgfortran -lm -lquadmath >&5
configure:6606: $? = 0
configure:6606: ./conftest
configure:6606: $? = 0
configure:6490: checking for 4D pointer structure in Fortran
configure:6503: gfortran -ffree-form -g -ffree-line-length-none   -O2 -mtune=native -march=native -g -O2  -c pttest.f90 1>&5
configure:6506: $? = 0
configure:6606: gcc -o conftest -g -O2     conftest.c pttest.o   -L/usr/lib/gcc/x86_64-redhat-linux/4.8.5 -L/usr/lib/gcc/x86_64-redhat-linux/4.8.5/../../../../lib64 -L/lib/../lib64 -L/usr/lib/../lib64 -L. -L/usr/lib/gcc/x86_64-redhat-linux/4.8.5/../../.. -lgfortran -lm -lquadmath >&5
configure:6606: $? = 0
configure:6606: ./conftest
configure:6606: $? = 0
configure:6490: checking for 5D pointer structure in Fortran
configure:6503: gfortran -ffree-form -g -ffree-line-length-none   -O2 -mtune=native -march=native -g -O2  -c pttest.f90 1>&5
configure:6506: $? = 0
configure:6606: gcc -o conftest -g -O2     conftest.c pttest.o   -L/usr/lib/gcc/x86_64-redhat-linux/4.8.5 -L/usr/lib/gcc/x86_64-redhat-linux/4.8.5/../../../../lib64 -L/lib/../lib64 -L/usr/lib/../lib64 -L. -L/usr/lib/gcc/x86_64-redhat-linux/4.8.5/../../.. -lgfortran -lm -lquadmath >&5
configure:6606: $? = 0
configure:6606: ./conftest
configure:6606: $? = 0
configure:7131: checking for MPI capabilities
configure:7140: gfortran -o conftest -ffree-form -g -ffree-line-length-none   -O2 -mtune=native -march=native -g -O2  /opt/hpc/gnu/openmpi-3.1.0/include     conftest.f90   >&5
conftest.f90:2: Error: Can't open included file 'mpif.h'
configure:7140: $? = 1
configure: failed program was:
| program main
|   include "mpif.h"
| 
|   call MPI_INIT
| end
configure:7147: result: no
configure:7233: WARNING: MPI is not working and has been disabled.
configure:7235: WARNING:   If you don't want to see this warning,
configure:7237: WARNING:   set --disable-mpi in the configure line.
configure:7264: checking for debugging options
configure:7278: result: no
configure:7282: checking for memory limit in GB
configure:7299: result: undefined
configure:7303: checking for convolution optimisation
configure:7321: result: yes
configure:7325: checking for minima hopping
configure:7335: result: no
configure:7832: checking for pseudo generation
configure:7850: result: no
configure:7854: checking for GPU computing with CUDA libraries
configure:7872: result: no
configure:8205: checking for OpenCL support
configure:8207: result: no
configure:8392: checking for Intel MIC support
configure:8394: result: no
configure:8521: checking for config_init in -lconfig++
configure:8554: g++ -o conftest      conftest.cpp -lconfig++   >&5
/usr/bin/ld: cannot find -lconfig++
collect2: error: ld returned 1 exit status
configure:8554: $? = 1
configure: failed program was:
| /* confdefs.h */
| #define PACKAGE_NAME "BigDFT - DFT over wavelets"
| #define PACKAGE_TARNAME "bigdft"
| #define PACKAGE_VERSION "1.7.0.93"
| #define PACKAGE_STRING "BigDFT - DFT over wavelets 1.7.0.93"
| #define PACKAGE_BUGREPORT "Damien.Caliste@cea.fr"
| #define PACKAGE_URL ""
| #define PACKAGE "bigdft"
| #define VERSION "1.7.0.93"
| #define FC_FUNC(name,NAME) name ## _
| #define FC_FUNC_(name,NAME) name ## _
| #define HAVE_FC_FLUSH 1
| #define HAVE_FC_GET_COMMAND_ARGUMENT 1
| /* end confdefs.h.  */
| 
| /* Override any GCC internal prototype to avoid an error.
|    Use char because int might match the return type of a GCC
|    builtin and then its argument prototype would still apply.  */
| #ifdef __cplusplus
| extern "C"
| #endif
| char config_init ();
| #ifdef FC_DUMMY_MAIN
| #ifndef FC_DUMMY_MAIN_EQ_F77
| #  ifdef __cplusplus
|      extern "C"
| #  endif
|    int FC_DUMMY_MAIN() { return 1; }
| #endif
| #endif
| int
| main ()
| {
| return config_init ();
|   ;
|   return 0;
| }
configure:8563: result: no
configure:8604: checking for BigDFT library build
configure:8606: result: yes
configure:8623: checking for BigDFT binaries build
configure:8625: result: no
configure:8724: checking for dcopy in -lblas
configure:8736: gfortran -o conftest -ffree-form -g -ffree-line-length-none   -O2 -mtune=native -march=native -g -O2     conftest.f90 -lblas   >&5
configure:8736: $? = 0
configure:8745: result: yes
configure:8780: checking for dsysv in -llapack
configure:8792: gfortran -o conftest -ffree-form -g -ffree-line-length-none   -O2 -mtune=native -march=native -g -O2     conftest.f90 -llapack -lblas  >&5
configure:8792: $? = 0
configure:8801: result: yes
configure:9202: checking for strndup
configure:9202: gcc -o conftest -g -O2     conftest.c  >&5
conftest.c:38:6: warning: conflicting types for built-in function 'strndup' [enabled by default]
 char strndup ();
      ^
configure:9202: $? = 0
configure:9202: result: yes
configure:9386: checking for libXC modules
configure:9399: gfortran -c -ffree-form -g -ffree-line-length-none   -O2 -mtune=native -march=native -g -O2  -I/gpfs/home/chuang3/XCEP_codes/abinit-7.10.4_xcep_v2pbc/fallbacks/exports/include  conftest.f90 >&5
configure:9399: $? = 0
configure:9405: result: yes
configure:9411: checking for xc_f90_lda_vxc in -lxc
configure:9423: gfortran -o conftest -ffree-form -g -ffree-line-length-none   -O2 -mtune=native -march=native -g -O2    -L/gpfs/home/chuang3/XCEP_codes/abinit-7.10.4_xcep_v2pbc/fallbacks/exports/lib -lxc  conftest.f90 -lxc   >&5
configure:9423: $? = 0
configure:9432: result: yes
configure:9831: checking time.h usability
configure:9831: gcc -c -g -O2   conftest.c >&5
configure:9831: $? = 0
configure:9831: result: yes
configure:9831: checking time.h presence
configure:9831: gcc -E   conftest.c
configure:9831: $? = 0
configure:9831: result: yes
configure:9831: checking for time.h
configure:9831: result: yes
configure:9841: checking for clock_gettime in -lrt
configure:9874: gcc -o conftest -g -O2     -L$(top_builddir)/libABINIT/src conftest.c -lrt   >&5
configure:9874: $? = 0
configure:9883: result: yes
configure:9896: checking for clock_gettime
configure:9896: gcc -o conftest -g -O2     -L$(top_builddir)/libABINIT/src conftest.c -lrt  >&5
configure:9896: $? = 0
configure:9896: result: yes
configure:9919: checking for pdflatex
configure:9935: found /usr/bin/pdflatex
configure:9947: result: yes
configure:9965: checking for doxygen
configure:9981: found /usr/bin/doxygen
configure:9993: result: yes
configure:10310: creating ./config.status

## ---------------------- ##
## Running config.status. ##
## ---------------------- ##

This file was extended by BigDFT - DFT over wavelets config.status 1.7.0.93, which was
generated by GNU Autoconf 2.68.  Invocation command line was

  CONFIG_FILES    = 
  CONFIG_HEADERS  = 
  CONFIG_LINKS    = 
  CONFIG_COMMANDS = 
  $ ./config.status 

on hpc-login-vm3.rcc.fsu.edu

config.status:1069: creating Makefile
config.status:1069: creating bigdft.pc
config.status:1069: creating libABINIT/src/Makefile
config.status:1069: creating config/Doxyfile
config.status:1069: creating PyYAML-3.10/Makefile
config.status:1069: creating flib/Makefile
config.status:1069: creating flib/src/Makefile
config.status:1069: creating flib/tests/Makefile
config.status:1069: creating wrappers/Makefile
config.status:1069: creating PSolver/Makefile
config.status:1069: creating PSolver/src/configure.inc
config.status:1069: creating PSolver/src/Makefile
config.status:1069: creating PSolver/tests/Makefile
config.status:1069: creating src/bigdft-tool
config.status:1069: creating src/Makefile
config.status:1069: creating src/modules/Makefile
config.status:1069: creating src/modules/bigdft_cst.h
config.status:1069: creating src/modules/configure.inc
config.status:1069: creating src/modules/configure.c
config.status:1069: creating src/convolutions/Makefile
config.status:1069: creating src/xcPSolver/Makefile
config.status:1069: creating src/CUDA/Makefile
config.status:1069: creating src/OpenCL/Makefile
config.status:1069: creating src/convolutions-c/Makefile
config.status:1069: creating src/bindings/Makefile
config.status:1069: creating src/art/Makefile
config.status:1069: creating src/tools/Makefile
config.status:1069: creating src/tools/bader/Makefile
config.status:1069: creating utils/Makefile
config.status:1069: creating utils/PSPfiles/Makefile
config.status:1069: creating pseudo/Makefile
config.status:1069: creating pseudo/src/Makefile
config.status:1069: creating pseudo/tests/Makefile
config.status:1069: creating pseudo/tests/atoms/Makefile
config.status:1069: creating pseudo/tests/H-pseudo/Makefile
config.status:1069: creating pseudo/tests/C-pseudo/Makefile
config.status:1069: creating pseudo/tests/pawpatchtest/Makefile
config.status:1069: creating pseudo/tests/tutorials/Makefile
config.status:1069: creating pseudo/tests/tutorials/oxygen.NLCC/Makefile
config.status:1069: creating doc/Makefile
config.status:1069: creating tests/Makefile
config.status:1069: creating tests/libs/Makefile
config.status:1069: creating tests/libs/fft/Makefile
config.status:1069: creating tests/libs/OP2P/Makefile
config.status:1069: creating tests/libs/xc/Makefile
config.status:1069: creating tests/libs/xcPSolver/Makefile
config.status:1069: creating tests/libs/OpenCL/Makefile
config.status:1069: creating tests/libs/CUDA/Makefile
config.status:1069: creating tests/libs/IO-wf/Makefile
config.status:1069: creating tests/libs/dsygv/Makefile
config.status:1069: creating tests/libs/ftypes/Makefile
config.status:1069: creating tests/libs/wrappers/Makefile
config.status:1069: creating tests/libs/psp/Makefile
config.status:1069: creating tests/DFT/Makefile
config.status:1069: creating tests/DFT/cubic/Makefile
config.status:1069: creating tests/DFT/linear/Makefile
config.status:1069: creating tests/DFT/postSCF/Makefile
config.status:1069: creating tests/overDFT/Makefile
config.status:1069: creating tests/tutorials/Makefile
config.status:1069: creating config.h
config.status:1298: executing depfiles commands
configure:11764: === configuring in libxc-2.0.x (/gpfs/home/chuang3/XCEP_codes/abinit-7.10.4_xcep_v2pbc/fallbacks/sources/bigdft-1.7.0.93/libxc-2.0.x)
configure:11827: running /bin/sh ./configure --disable-option-checking '--prefix=/gpfs/home/chuang3/XCEP_codes/abinit-7.10.4_xcep_v2pbc/fallbacks/exports'  '--bindir=/gpfs/home/chuang3/XCEP_codes/abinit-7.10.4_xcep_v2pbc/fallbacks/exports/bin' '--libdir=/gpfs/home/chuang3/XCEP_codes/abinit-7.10.4_xcep_v2pbc/fallbacks/exports/lib' '--program-suffix=-abinit' '--disable-binaries' '--disable-bindings' '--enable-libbigdft' '--without-archives' '--with-moduledir=/gpfs/home/chuang3/XCEP_codes/abinit-7.10.4_xcep_v2pbc/fallbacks/exports/include' '--enable-internal-libyaml' '--disable-shared' '--disable-internal-libxc' '--with-libxc-incs=-I/gpfs/home/chuang3/XCEP_codes/abinit-7.10.4_xcep_v2pbc/fallbacks/exports/include' '--with-libxc-libs=-L/gpfs/home/chuang3/XCEP_codes/abinit-7.10.4_xcep_v2pbc/fallbacks/exports/lib -lxc' 'CC=gcc' 'CFLAGS=-g -O2' 'LDFLAGS= ' 'LIBS=' 'CPPFLAGS= ' 'CXX=g++' 'CXXFLAGS=' 'FC=gfortran' 'FCFLAGS=-ffree-form -g -ffree-line-length-none   -O2 -mtune=native -march=native -g -O2 ' 'F77=gfortran' 'FFLAGS=-ffixed-form -g -ffree-line-length-none   -O2 -mtune=native -march=native -g -O2 ' 'CPP=gcc -E' --cache-file=/dev/null --srcdir=.
configure:11764: === configuring in S_GPU (/gpfs/home/chuang3/XCEP_codes/abinit-7.10.4_xcep_v2pbc/fallbacks/sources/bigdft-1.7.0.93/S_GPU)
configure:11827: running /bin/sh ./configure --disable-option-checking '--prefix=/gpfs/home/chuang3/XCEP_codes/abinit-7.10.4_xcep_v2pbc/fallbacks/exports'  '--bindir=/gpfs/home/chuang3/XCEP_codes/abinit-7.10.4_xcep_v2pbc/fallbacks/exports/bin' '--libdir=/gpfs/home/chuang3/XCEP_codes/abinit-7.10.4_xcep_v2pbc/fallbacks/exports/lib' '--program-suffix=-abinit' '--disable-binaries' '--disable-bindings' '--enable-libbigdft' '--without-archives' '--with-moduledir=/gpfs/home/chuang3/XCEP_codes/abinit-7.10.4_xcep_v2pbc/fallbacks/exports/include' '--enable-internal-libyaml' '--disable-shared' '--disable-internal-libxc' '--with-libxc-incs=-I/gpfs/home/chuang3/XCEP_codes/abinit-7.10.4_xcep_v2pbc/fallbacks/exports/include' '--with-libxc-libs=-L/gpfs/home/chuang3/XCEP_codes/abinit-7.10.4_xcep_v2pbc/fallbacks/exports/lib -lxc' 'CC=gcc' 'CFLAGS=-g -O2' 'LDFLAGS= ' 'LIBS=' 'CPPFLAGS= ' 'CXX=g++' 'CXXFLAGS=' 'FC=gfortran' 'FCFLAGS=-ffree-form -g -ffree-line-length-none   -O2 -mtune=native -march=native -g -O2 ' 'F77=gfortran' 'FFLAGS=-ffixed-form -g -ffree-line-length-none   -O2 -mtune=native -march=native -g -O2 ' 'CPP=gcc -E' --cache-file=/dev/null --srcdir=.
configure:11764: === configuring in yaml-0.1.4 (/gpfs/home/chuang3/XCEP_codes/abinit-7.10.4_xcep_v2pbc/fallbacks/sources/bigdft-1.7.0.93/yaml-0.1.4)
configure:11827: running /bin/sh ./configure --disable-option-checking '--prefix=/gpfs/home/chuang3/XCEP_codes/abinit-7.10.4_xcep_v2pbc/fallbacks/exports'  '--bindir=/gpfs/home/chuang3/XCEP_codes/abinit-7.10.4_xcep_v2pbc/fallbacks/exports/bin' '--libdir=/gpfs/home/chuang3/XCEP_codes/abinit-7.10.4_xcep_v2pbc/fallbacks/exports/lib' '--program-suffix=-abinit' '--disable-binaries' '--disable-bindings' '--enable-libbigdft' '--without-archives' '--with-moduledir=/gpfs/home/chuang3/XCEP_codes/abinit-7.10.4_xcep_v2pbc/fallbacks/exports/include' '--enable-internal-libyaml' '--disable-shared' '--disable-internal-libxc' '--with-libxc-incs=-I/gpfs/home/chuang3/XCEP_codes/abinit-7.10.4_xcep_v2pbc/fallbacks/exports/include' '--with-libxc-libs=-L/gpfs/home/chuang3/XCEP_codes/abinit-7.10.4_xcep_v2pbc/fallbacks/exports/lib -lxc' 'CC=gcc' 'CFLAGS=-g -O2' 'LDFLAGS= ' 'LIBS=' 'CPPFLAGS= ' 'CXX=g++' 'CXXFLAGS=' 'FC=gfortran' 'FCFLAGS=-ffree-form -g -ffree-line-length-none   -O2 -mtune=native -march=native -g -O2 ' 'F77=gfortran' 'FFLAGS=-ffixed-form -g -ffree-line-length-none   -O2 -mtune=native -march=native -g -O2 ' 'CPP=gcc -E' --cache-file=/dev/null --srcdir=.

## ---------------- ##
## Cache variables. ##
## ---------------- ##

ac_cv_c_compiler_gnu=yes
ac_cv_cxx_compiler_gnu=yes
ac_cv_env_CCC_set=
ac_cv_env_CCC_value=
ac_cv_env_CC_set=set
ac_cv_env_CC_value=gcc
ac_cv_env_CFLAGS_set=set
ac_cv_env_CFLAGS_value='-g -O2'
ac_cv_env_CPPFLAGS_set=set
ac_cv_env_CPPFLAGS_value=' '
ac_cv_env_CPP_set=set
ac_cv_env_CPP_value='gcc -E'
ac_cv_env_CXXFLAGS_set=set
ac_cv_env_CXXFLAGS_value=
ac_cv_env_CXX_set=set
ac_cv_env_CXX_value=g++
ac_cv_env_F77_set=set
ac_cv_env_F77_value=gfortran
ac_cv_env_FCFLAGS_set=set
ac_cv_env_FCFLAGS_value='-ffree-form -g -ffree-line-length-none   -O2 -mtune=native -march=native -g -O2 '
ac_cv_env_FC_set=set
ac_cv_env_FC_value=gfortran
ac_cv_env_FFLAGS_set=set
ac_cv_env_FFLAGS_value='-ffixed-form -g -ffree-line-length-none   -O2 -mtune=native -march=native -g -O2 '
ac_cv_env_GDBUS_CFLAGS_set=
ac_cv_env_GDBUS_CFLAGS_value=
ac_cv_env_GDBUS_LIBS_set=
ac_cv_env_GDBUS_LIBS_value=
ac_cv_env_GLIB_CFLAGS_set=
ac_cv_env_GLIB_CFLAGS_value=
ac_cv_env_GLIB_LIBS_set=
ac_cv_env_GLIB_LIBS_value=
ac_cv_env_GOBJECT_INTROSPECTION_CFLAGS_set=
ac_cv_env_GOBJECT_INTROSPECTION_CFLAGS_value=
ac_cv_env_GOBJECT_INTROSPECTION_LIBS_set=
ac_cv_env_GOBJECT_INTROSPECTION_LIBS_value=
ac_cv_env_LDFLAGS_set=set
ac_cv_env_LDFLAGS_value=' '
ac_cv_env_LIBS_set=set
ac_cv_env_LIBS_value=
ac_cv_env_LIBXC_CFLAGS_set=
ac_cv_env_LIBXC_CFLAGS_value=
ac_cv_env_LIBXC_LIBS_set=
ac_cv_env_LIBXC_LIBS_value=
ac_cv_env_LIB_ARCHIVE_CFLAGS_set=
ac_cv_env_LIB_ARCHIVE_CFLAGS_value=
ac_cv_env_LIB_ARCHIVE_LIBS_set=
ac_cv_env_LIB_ARCHIVE_LIBS_value=
ac_cv_env_PKG_CONFIG_set=
ac_cv_env_PKG_CONFIG_value=
ac_cv_env_build_alias_set=
ac_cv_env_build_alias_value=
ac_cv_env_host_alias_set=
ac_cv_env_host_alias_value=
ac_cv_env_target_alias_set=
ac_cv_env_target_alias_value=
ac_cv_f77_compiler_gnu=yes
ac_cv_fc_compiler_gnu=yes
ac_cv_fc_dummy_main=none
ac_cv_fc_libs=' -L/usr/lib/gcc/x86_64-redhat-linux/4.8.5 -L/usr/lib/gcc/x86_64-redhat-linux/4.8.5/../../../../lib64 -L/lib/../lib64 -L/usr/lib/../lib64 -L. -L/usr/lib/gcc/x86_64-redhat-linux/4.8.5/../../.. -lgfortran -lm -lquadmath'
ac_cv_fc_mangling='lower case, underscore, no extra underscore'
ac_cv_fc_srcext_f90=none
ac_cv_fortran_dummy_main=none
ac_cv_func_clock_gettime=yes
ac_cv_func_strndup=yes
ac_cv_header_time_h=yes
ac_cv_lib_blas_dcopy=yes
ac_cv_lib_configpp_config_init=no
ac_cv_lib_lapack_dsysv=yes
ac_cv_lib_rt_clock_gettime=yes
ac_cv_lib_xc_xc_f90_lda_vxc=yes
ac_cv_objext=o
ac_cv_path_SED=/usr/bin/sed
ac_cv_path_ac_pt_PKG_CONFIG=/usr/bin/pkg-config
ac_cv_path_install='/usr/bin/install -c'
ac_cv_path_mkdir=/usr/bin/mkdir
ac_cv_prog_AWK=gawk
ac_cv_prog_ac_ct_AR=ar
ac_cv_prog_ac_ct_CC=gcc
ac_cv_prog_ac_ct_RANLIB=ranlib
ac_cv_prog_ac_have_doxygen=yes
ac_cv_prog_ac_have_pdflatex=yes
ac_cv_prog_cc_c89=
ac_cv_prog_cc_g=yes
ac_cv_prog_cc_gcc_c_o=yes
ac_cv_prog_cxx_g=yes
ac_cv_prog_f77_g=yes
ac_cv_prog_fc_g=yes
ac_cv_prog_fc_v=-v
ac_cv_prog_make_make_set=yes
am_cv_CC_dependencies_compiler_type=gcc3
am_cv_CXX_dependencies_compiler_type=gcc3

## ----------------- ##
## Output variables. ##
## ----------------- ##

ACLOCAL='${SHELL} /gpfs/home/chuang3/XCEP_codes/abinit-7.10.4_xcep_v2pbc/fallbacks/sources/bigdft-1.7.0.93/config/missing --run aclocal-1.11'
AMDEPBACKSLASH='\'
AMDEP_FALSE='#'
AMDEP_TRUE=''
AMTAR='$${TAR-tar}'
AR='ar'
AUTOCONF='${SHELL} /gpfs/home/chuang3/XCEP_codes/abinit-7.10.4_xcep_v2pbc/fallbacks/sources/bigdft-1.7.0.93/config/missing --run autoconf'
AUTOHEADER='${SHELL} /gpfs/home/chuang3/XCEP_codes/abinit-7.10.4_xcep_v2pbc/fallbacks/sources/bigdft-1.7.0.93/config/missing --run autoheader'
AUTOMAKE='${SHELL} /gpfs/home/chuang3/XCEP_codes/abinit-7.10.4_xcep_v2pbc/fallbacks/sources/bigdft-1.7.0.93/config/missing --run automake-1.11'
AWK='gawk'
BIGDFT_MAJOR_VERSION='1'
BIGDFT_MICRO_VERSION='0'
BIGDFT_MINOR_VERSION='7'
BIGDFT_NANO_VERSION='93'
BUILD_BINARIES_FALSE=''
BUILD_BINARIES_PSEUDO_FALSE=''
BUILD_BINARIES_PSEUDO_TRUE='#'
BUILD_BINARIES_TRUE='#'
BUILD_BINDINGS_END='*/'
BUILD_BINDINGS_FALSE=''
BUILD_BINDINGS_START='/*'
BUILD_BINDINGS_TRUE='#'
BUILD_DEVDOC_FALSE=''
BUILD_DEVDOC_TRUE='#'
BUILD_DYNAMIC_LIBS_FALSE=''
BUILD_DYNAMIC_LIBS_TRUE='#'
BUILD_LIBABINIT_FALSE='#'
BUILD_LIBABINIT_TRUE=''
BUILD_LIBSGPU_FALSE=''
BUILD_LIBSGPU_TRUE='#'
BUILD_LIBXC_FALSE=''
BUILD_LIBXC_TRUE='#'
BUILD_LIBYAML_FALSE='#'
BUILD_LIBYAML_TRUE=''
BUILD_LIB_BIGDFT_FALSE='#'
BUILD_LIB_BIGDFT_TRUE=''
BUILD_PDFDOC_FALSE='#'
BUILD_PDFDOC_TRUE=''
CAPITALIZE_FALSE=''
CAPITALIZE_TRUE='#'
CC='gcc'
CCDEPMODE='depmode=gcc3'
CFLAGS='-g -O2'
CONFIG_ARGS=' '\''--prefix=/gpfs/home/chuang3/XCEP_codes/abinit-7.10.4_xcep_v2pbc/fallbacks/exports'\'' '\''--bindir=/gpfs/home/chuang3/XCEP_codes/abinit-7.10.4_xcep_v2pbc/fallbacks/exports/bin'\'' '\''--libdir=/gpfs/home/chuang3/XCEP_codes/abinit-7.10.4_xcep_v2pbc/fallbacks/exports/lib'\'' '\''--program-suffix=-abinit'\'' '\''--disable-binaries'\'' '\''--disable-bindings'\'' '\''--enable-libbigdft'\'' '\''--without-archives'\'' '\''--with-moduledir=/gpfs/home/chuang3/XCEP_codes/abinit-7.10.4_xcep_v2pbc/fallbacks/exports/include'\'' '\''--enable-internal-libyaml'\'' '\''--disable-shared'\'' '\''--disable-internal-libxc'\'' '\''--with-libxc-incs=-I/gpfs/home/chuang3/XCEP_codes/abinit-7.10.4_xcep_v2pbc/fallbacks/exports/include'\'' '\''--with-libxc-libs=-L/gpfs/home/chuang3/XCEP_codes/abinit-7.10.4_xcep_v2pbc/fallbacks/exports/lib -lxc'\'' '\''CC=gcc'\'' '\''CFLAGS=-g -O2'\'' '\''LDFLAGS= '\'' '\''LIBS='\'' '\''CPPFLAGS= '\'' '\''CXX=g++'\'' '\''CXXFLAGS='\'' '\''FC=gfortran'\'' '\''FCFLAGS=-ffree-form -g -ffree-line-length-none   -O2 -mtune=native -march=native -g -O2 '\'' '\''F77=gfortran'\'' '\''FFLAGS=-ffixed-form -g -ffree-line-length-none   -O2 -mtune=native -march=native -g -O2 '\'' '\''CPP=gcc -E'\'''
CPP='gcc -E'
CPPFLAGS=' '
CUDA_INCLUDE=''
CUDA_INCLUDE_PATH=''
CUDA_PATH=''
CXX='g++'
CXXDEPMODE='depmode=gcc3'
CXXFLAGS=''
CYGPATH_W='echo'
DEFS='-DHAVE_CONFIG_H'
DEPDIR='.deps'
DGEMMSY_CPPFLAGS=''
ECHO_C=''
ECHO_N='-n'
ECHO_T=''
EGREP=''
EXEEXT=''
F77='gfortran'
F90_1D_POINTER_SHIFT='0'
F90_1D_POINTER_SIZE='6'
F90_2D_POINTER_SHIFT='0'
F90_2D_POINTER_SIZE='9'
F90_3D_POINTER_SHIFT='0'
F90_3D_POINTER_SIZE='12'
F90_4D_POINTER_SHIFT='0'
F90_4D_POINTER_SIZE='15'
F90_5D_POINTER_SHIFT='0'
F90_5D_POINTER_SIZE='18'
FC='gfortran'
FCDEFS='-D'
FCFLAGS='-ffree-form -g -ffree-line-length-none   -O2 -mtune=native -march=native -g -O2 '
FCFLAGS_f90=''
FCLIBS=' -L/usr/lib/gcc/x86_64-redhat-linux/4.8.5 -L/usr/lib/gcc/x86_64-redhat-linux/4.8.5/../../../../lib64 -L/lib/../lib64 -L/usr/lib/../lib64 -L. -L/usr/lib/gcc/x86_64-redhat-linux/4.8.5/../../.. -lgfortran -lm -lquadmath'
FFLAGS='-ffixed-form -g -ffree-line-length-none   -O2 -mtune=native -march=native -g -O2 '
GDBUS_CFLAGS=''
GDBUS_LIBS=''
GLIB_CFLAGS=''
GLIB_END_FALSE=''
GLIB_END_TRUE='*/'
GLIB_FALSE=''
GLIB_LIBS=''
GLIB_TRUE='/*'
GOBJECT_INTROSPECTION_CFLAGS=''
GOBJECT_INTROSPECTION_LIBS=''
GREP=''
G_IR_COMPILER=''
G_IR_SCANNER=''
HAVE_ETSF_IO_FALSE=''
HAVE_ETSF_IO_TRUE='#'
HAVE_FC_FLUSH_FALSE='#'
HAVE_FC_FLUSH_TRUE=''
HAVE_FC_GET_COMMAND_ARGUMENT_FALSE='#'
HAVE_FC_GET_COMMAND_ARGUMENT_TRUE=''
HAVE_GDBUS_FALSE=''
HAVE_GDBUS_TRUE='#'
HAVE_GLIB_FALSE=''
HAVE_GLIB_TRUE='#'
HAVE_LIBCONFIG_FALSE=''
HAVE_LIBCONFIG_TRUE='#'
HAVE_LIB_ARCHIVE_FALSE=''
HAVE_LIB_ARCHIVE_TRUE='#'
HAVE_LIB_YAML_FALSE='#'
HAVE_LIB_YAML_TRUE=''
INSTALL_DATA='${INSTALL} -m 644'
INSTALL_PROGRAM='${INSTALL}'
INSTALL_SCRIPT='${INSTALL}'
INSTALL_STRIP_PROGRAM='$(install_sh) -c -s'
LDFLAGS='  -L$(top_builddir)/libABINIT/src '
LIBABINIT_INCLUDE='-I$(top_builddir)/libABINIT/src'
LIBETSFIO_INCLUDE=''
LIBOBJS=''
LIBS='-lrt '
LIBSGPU_INCLUDE=''
LIBS_SHORT_DEPS='-labinit -L/gpfs/home/chuang3/XCEP_codes/abinit-7.10.4_xcep_v2pbc/fallbacks/exports/lib -lxc     -llapack -lblas  $(top_builddir)/yaml-0.1.4/src/.libs/libyaml.a   '
LIBXC_CFLAGS=''
LIBXC_INCLUDE='-I/gpfs/home/chuang3/XCEP_codes/abinit-7.10.4_xcep_v2pbc/fallbacks/exports/include'
LIBXC_LIBS='-L/gpfs/home/chuang3/XCEP_codes/abinit-7.10.4_xcep_v2pbc/fallbacks/exports/lib -lxc'
LIB_ARCHIVE_CFLAGS=''
LIB_ARCHIVE_LIBS=''
LIB_YAML_CFLAGS='-I$(top_srcdir)/yaml-0.1.4/include'
LIB_YAML_LIBS='$(top_builddir)/yaml-0.1.4/src/.libs/libyaml.a'
LINALG_LIBS='-llapack -lblas'
LTLIBOBJS=''
MAKEINFO='${SHELL} /gpfs/home/chuang3/XCEP_codes/abinit-7.10.4_xcep_v2pbc/fallbacks/sources/bigdft-1.7.0.93/config/missing --run makeinfo'
MEMORY_LIMIT='0'
MKDIR_P='/usr/bin/mkdir -p'
MODULE_EXT='mod'
MPI_INCLUDE='-I$(top_builddir)/src/modules'
MPI_LDFLAGS=''
MPI_LIBS=''
NVCC=''
NVCC_FLAGS=''
OBJEXT='o'
OCL_INCLUDE=''
OCL_INCLUDE_PATH=''
PACKAGE='bigdft'
PACKAGE_BUGREPORT='Damien.Caliste@cea.fr'
PACKAGE_NAME='BigDFT - DFT over wavelets'
PACKAGE_STRING='BigDFT - DFT over wavelets 1.7.0.93'
PACKAGE_TARNAME='bigdft'
PACKAGE_URL=''
PACKAGE_VERSION='1.7.0.93'
PATH_SEPARATOR=':'
PKG_CONFIG='/usr/bin/pkg-config'
RANLIB='ranlib'
SED='/usr/bin/sed'
SET_MAKE=''
SHELL='/bin/sh'
STRIP=''
USE_BLACS_FALSE=''
USE_BLACS_TRUE='#'
USE_CUDA_GPU_FALSE=''
USE_CUDA_GPU_TRUE='#'
USE_DGEMMSY_FALSE=''
USE_DGEMMSY_TRUE='#'
USE_LIBXC_FALSE='#'
USE_LIBXC_TRUE=''
USE_MIC_FALSE=''
USE_MIC_TRUE='#'
USE_MINIMA_HOPPING_FALSE=''
USE_MINIMA_HOPPING_TRUE='#'
USE_MPI_FALSE=''
USE_MPI_TRUE='#'
USE_OCL_FALSE=''
USE_OCL_TRUE='#'
USE_OPTI_CONVOLUT_FALSE='#'
USE_OPTI_CONVOLUT_TRUE=''
VERSION='1.7.0.93'
WITH_GOBJECT_INTROSPECTION_FALSE=''
WITH_GOBJECT_INTROSPECTION_TRUE='#'
ac_ct_CC='gcc'
ac_ct_CXX=''
ac_ct_F77=''
ac_ct_FC=''
ac_have_doxygen='yes'
ac_have_pdflatex='yes'
am__EXEEXT_FALSE=''
am__EXEEXT_TRUE='#'
am__fastdepCC_FALSE='#'
am__fastdepCC_TRUE=''
am__fastdepCXX_FALSE='#'
am__fastdepCXX_TRUE=''
am__include='include'
am__isrc=''
am__leading_dot='.'
am__nodep='_no'
am__quote=''
am__tar='$${TAR-tar} chof - "$$tardir"'
am__untar='$${TAR-tar} xf -'
bindir='/gpfs/home/chuang3/XCEP_codes/abinit-7.10.4_xcep_v2pbc/fallbacks/exports/bin'
build_alias=''
datadir='${datarootdir}'
datarootdir='${prefix}/share'
docdir='${datarootdir}/doc/${PACKAGE_TARNAME}'
dvidir='${docdir}'
exec_prefix='${prefix}'
girdir=''
host_alias=''
htmldir='${docdir}'
includedir='${prefix}/include'
infodir='${datarootdir}/info'
install_sh='${SHELL} /gpfs/home/chuang3/XCEP_codes/abinit-7.10.4_xcep_v2pbc/fallbacks/sources/bigdft-1.7.0.93/config/install-sh'
libdir='/gpfs/home/chuang3/XCEP_codes/abinit-7.10.4_xcep_v2pbc/fallbacks/exports/lib'
libexecdir='${exec_prefix}/libexec'
localedir='${datarootdir}/locale'
localstatedir='${prefix}/var'
mandir='${datarootdir}/man'
mkdir_p='/usr/bin/mkdir -p'
moduledir='/gpfs/home/chuang3/XCEP_codes/abinit-7.10.4_xcep_v2pbc/fallbacks/exports/include'
oldincludedir='/usr/include'
pdfdir='${docdir}'
prefix='/gpfs/home/chuang3/XCEP_codes/abinit-7.10.4_xcep_v2pbc/fallbacks/exports'
program_transform_name='s&$$&-abinit&'
psdir='${docdir}'
sbindir='${exec_prefix}/sbin'
sharedstatedir='${prefix}/com'
subdirs=' libxc-2.0.x S_GPU yaml-0.1.4'
sysconfdir='${prefix}/etc'
target_alias=''
typelibsdir=''

## ----------- ##
## confdefs.h. ##
## ----------- ##

/* confdefs.h */
#define PACKAGE_NAME "BigDFT - DFT over wavelets"
#define PACKAGE_TARNAME "bigdft"
#define PACKAGE_VERSION "1.7.0.93"
#define PACKAGE_STRING "BigDFT - DFT over wavelets 1.7.0.93"
#define PACKAGE_BUGREPORT "Damien.Caliste@cea.fr"
#define PACKAGE_URL ""
#define PACKAGE "bigdft"
#define VERSION "1.7.0.93"
#define FC_FUNC(name,NAME) name ## _
#define FC_FUNC_(name,NAME) name ## _
#define HAVE_FC_FLUSH 1
#define HAVE_FC_GET_COMMAND_ARGUMENT 1
#define HAVE_STRNDUP 1
#define HAVE_YAML /**/
#define HAVE_LIBXC 1
#define HAVE_LIBABINIT 1
#define HAVE_TIME_H 1
#define HAVE_LIBRT 1
#define HAVE_CLOCK_GETTIME 1

configure: exit 0
