scripts/README
scripts/configure/README
scripts/configure/abinit_config/abinit-textconfig
scripts/configure/abinit_config/abinit_config.mk
scripts/configure/abinit_config/abinit_config.png
scripts/configure/abinit_config/abinit_config.pro
scripts/configure/abinit_config/abinit_config.ui
scripts/configure/abinit_config/test1.py
scripts/configure/abinit_config/test2.py
scripts/configure/abinit_config/test3.py
scripts/configure/upgrade-build-config
scripts/deprecated/AbinitInputMaker.py
scripts/deprecated/AbinitStructureViewer.py
scripts/deprecated/Calculation.xml
scripts/deprecated/Calculation_tag.xml
scripts/deprecated/KptGrid.xml
scripts/deprecated/KptGrid_tag.xml
scripts/deprecated/Relaxation.xml
scripts/deprecated/Relaxation_tag.xml
scripts/deprecated/Sections.xml
scripts/deprecated/Structure.xml
scripts/deprecated/Structure_tag.xml
scripts/deprecated/abi2xsf
scripts/deprecated/abinitRun.dtd
scripts/deprecated/class_ScrolledWidgetList.py
scripts/deprecated/ebands.f90
scripts/deprecated/vms/crea_descrip_mms.F90
scripts/deprecated/vms/descrip.mms
scripts/deprecated/vms/vms_prepare_input.F90
scripts/deprecated/wrappers/abinit.py.in
scripts/deprecated/xmlTagger.py
scripts/post_processing/AbinitBandStructureMaker.py
scripts/post_processing/README
scripts/post_processing/ab_extended_scissors_guess.py
scripts/post_processing/abinit_eignc_to_bandstructure.py
scripts/post_processing/appa/README
scripts/post_processing/appa/appa.py
scripts/post_processing/appa/appa_nw.py
scripts/post_processing/appa/birch/benf.f
scripts/post_processing/appa/birch/fit.inp
scripts/post_processing/appa/fortran/__init__.py
scripts/post_processing/appa/fortran/math.f90
scripts/post_processing/appa/fortran/positions.f90
scripts/post_processing/appa/fortran/topology.f90
scripts/post_processing/appa/gui/__init__.py
scripts/post_processing/appa/gui/about.py
scripts/post_processing/appa/gui/atom_pos.py
scripts/post_processing/appa/gui/button.py
scripts/post_processing/appa/gui/conv.py
scripts/post_processing/appa/gui/elasticConstant.py
scripts/post_processing/appa/gui/graph.py
scripts/post_processing/appa/gui/gs.py
scripts/post_processing/appa/gui/loading.py
scripts/post_processing/appa/gui/main_frame.py
scripts/post_processing/appa/gui/md.py
scripts/post_processing/appa/gui/msd.py
scripts/post_processing/appa/gui/netcdf.py
scripts/post_processing/appa/gui/open_graph.py
scripts/post_processing/appa/gui/rdf.py
scripts/post_processing/appa/gui/vdos.py
scripts/post_processing/appa/reading/__init__.py
scripts/post_processing/appa/reading/input.py
scripts/post_processing/appa/reading/read.py
scripts/post_processing/appa/reading/read_graph.py
scripts/post_processing/appa/utility/__init__.py
scripts/post_processing/appa/utility/analysis.py
scripts/post_processing/appa/utility/canvas.py
scripts/post_processing/appa/utility/complet.py
scripts/post_processing/appa/utility/global_variable.py
scripts/post_processing/appa/utility/positions.py
scripts/post_processing/appa/utility/thread.py
scripts/post_processing/appa/utility/write.py
scripts/post_processing/appa/utility/writeHIST.py
scripts/post_processing/create_files.py
scripts/post_processing/dynamic_pol.f
scripts/post_processing/get_irreps.py
scripts/post_processing/matlab_data_analysis/EffMass.m
scripts/post_processing/matlab_data_analysis/data_analysis.help
scripts/post_processing/matlab_data_analysis/mexData.c
scripts/post_processing/phondisp2abi.py
scripts/post_processing/plot_bandstructure.py
scripts/post_processing/plot_bs.py
scripts/post_processing/posdopspectra.F90
scripts/post_processing/rf_mods.py
scripts/post_processing/spectral_func.py
scripts/post_processing/spectral_func_para.py
scripts/post_processing/temperature_para.py
scripts/post_processing/wannier_bandstructure.py
scripts/pre_processing/Cell2Abinit.py
scripts/pre_processing/README
scripts/pre_processing/abchk.pl
scripts/pre_processing/chkinabi.pl
scripts/pre_processing/tokenize_file.py
