special/abirules/Input/ignore_inputvar_for_test.in
special/abirules/Input/report.in
special/abirules/Input/warnings_10.in
special/abirules/Input/warnings_11.in
special/abirules/Input/warnings_12.in
special/abirules/Input/warnings_13.in
special/abirules/Input/warnings_14.in
special/abirules/Input/warnings_15.in
special/abirules/Input/warnings_3.in
special/abirules/Input/warnings_4.in
special/abirules/Input/warnings_5.in
special/abirules/Input/warnings_6.in
special/abirules/Input/warnings_7.in
special/abirules/Input/warnings_8.in
special/abirules/Input/warnings_9.in
special/abirules/README
special/abirules/Refs/t01.out
special/abirules/Refs/t03.out
special/abirules/Refs/t04.out
special/abirules/Refs/t05.out
special/abirules/Refs/t06.out
special/abirules/Refs/t07.out
special/abirules/Refs/t08.out
special/abirules/Refs/t09.out
special/abirules/Refs/t10.out
special/abirules/Refs/t11.out
special/abirules/Refs/t12.out
special/abirules/Refs/t13.out
special/abirules/Refs/t14.out
special/abirules/Refs/t15.out
special/abirules/Refs/t16.out
special/abirules/Refs/t17.out
special/abirules/Refs/t18.out
special/abirules/__init__.py
special/abirules/tests.cnf
special/buildsys/Input/report.in
special/buildsys/README
special/buildsys/Refs/bb_amd-gfortran4.6_cronos.ac
special/buildsys/Refs/bb_amd-gfortran4.6_max2.ac
special/buildsys/Refs/bb_amd-gfortran4.7_vishnu.ac
special/buildsys/Refs/bb_amd-gfortran4.7_vishnu_misc.ac
special/buildsys/Refs/bb_amd-open64_max2.ac
special/buildsys/Refs/bb_intel-cygwin64.ac
special/buildsys/Refs/bb_intel-g95_yquem.ac
special/buildsys/Refs/bb_intel-gfortran4.4_inca_sdebug.ac
special/buildsys/Refs/bb_intel-gfortran4.5_littlebuda.ac
special/buildsys/Refs/bb_intel-gfortran4.6_petrus.ac
special/buildsys/Refs/bb_intel-gfortran4.6_toum_openmp.ac
special/buildsys/Refs/bb_intel-gfortran4.7_mpich3_yquem.ac
special/buildsys/Refs/bb_intel-gfortran4.7_yquem.ac
special/buildsys/Refs/bb_intel-gfortran4.7_yquem_openmp.ac
special/buildsys/Refs/bb_intel-gfortran4.8_bigmac_macports.ac
special/buildsys/Refs/bb_intel-gfortran4.8_ktulu.ac
special/buildsys/Refs/bb_intel-gfortran4.8_yquem.ac
special/buildsys/Refs/bb_intel-nag_petrus.ac
special/buildsys/Refs/bb_power6-xlf_ibm6.ac
special/buildsys/Refs/bb_xeon-gcc49_tikal.ac
special/buildsys/Refs/bb_xeon-gfortran4.7_buda.ac
special/buildsys/Refs/bb_xeon-gfortran4.7_buda_abi.ac
special/buildsys/Refs/bb_xeon-gfortran4.7_testf.ac
special/buildsys/Refs/bb_xeon-gfortran4.7_testf_woMPI.ac
special/buildsys/Refs/bb_xeon-gfortran4.8_green.ac
special/buildsys/Refs/bb_xeon-intel11_green.ac
special/buildsys/Refs/bb_xeon-intel12.1_green.ac
special/buildsys/Refs/bb_xeon-intel12_coba2.ac
special/buildsys/Refs/bb_xeon-intel12_green_prod.ac
special/buildsys/Refs/bb_xeon-intel12_tikal_serial.ac
special/buildsys/Refs/bb_xeon-intel13_coba2.ac
special/buildsys/Refs/bb_xeon-intel13i_coba2.ac
special/buildsys/Refs/bb_xeon-intel14_buda.ac
special/buildsys/Refs/bb_xeon-intel14_tikal.ac
special/buildsys/Refs/bb_xeon-psc_tikal.ac
special/buildsys/__init__.py
special/buildsys/tests.cnf
special/scripts/check-binaries-conf.py
special/scripts/check-build-config.py
special/scripts/check-build-examples.py
special/scripts/check-build-refs.py
special/scripts/check-config-h.py
special/scripts/check-conflict-markers.py
special/scripts/check-cpp-options.py
special/scripts/check-forbidden-flags.py
special/scripts/check-input-vars.py
special/scripts/check-libpaw.py
special/scripts/check-line-lengths.py
special/scripts/check_ascii.py
special/scripts/check_forbidden.py
special/scripts/check_inlined_macros.py
special/scripts/docchk.py
special/scripts/fldiff.pl
special/scripts/reportdiff.pl
special/scripts/run-basic-dotest.pl
special/scripts/run-basic-tests.pl
special/scripts/run-basic-tests.sh
special/scripts/run-charge-tests.sh
special/scripts/run-standard-tests.pl
special/scripts/warningschk.py
special/scripts/wrap-standard-tests.sh
special/special.env.in
