developers/README
developers/bzr_helpers/README
developers/bzr_helpers/abinit-forge-branch
developers/bzr_helpers/abzr.py
developers/bzr_helpers/bzr-get-branches
developers/bzr_helpers/bzr-make-patch
developers/bzr_helpers/bzr-publish
developers/bzr_helpers/bzr-resolve
developers/maintainers/FT77to90.pl
developers/maintainers/Makefile_testdir_binarypack
developers/maintainers/Makefile_topdir_binarypack
developers/maintainers/abiauty.pl
developers/maintainers/abirules.pl
developers/maintainers/analyze-orphans.py
developers/maintainers/build-abinit-calltree.pl
developers/maintainers/change.sh
developers/maintainers/change2.sh
developers/maintainers/change_year.sh
developers/maintainers/check-linalg-calls.py
developers/maintainers/check-missing-headers.py
developers/maintainers/check-openmp.sh
developers/maintainers/check-orphans.sh
developers/maintainers/check-subs.pl
developers/maintainers/check_datatypes.py
developers/maintainers/dos_to_unix.csh
developers/maintainers/find-orphans.sh
developers/maintainers/list-cpp-options.py
developers/maintainers/list-cpp-options.sh
developers/maintainers/mkrobodoc_dirs.py
developers/maintainers/parents.pl
developers/maintainers/process-orphans.py
developers/maintainers/replace_write6.py
developers/various/change_perl.sh
developers/various/fixed_to_free
developers/various/ftypevars.py
developers/various/mkmodule.sh
developers/various/mkroutine.sh
developers/various/mtrace.pl
developers/various/paradev.py
developers/various/paragdb.py
developers/various/remove_unused_var.sh
developers/various/var-file-index.py
